Info: Starting: Create block symbol file (.bsf)
Info: ip-generate --project-directory=C:/Users/gdhunter/Documents/Capstone/ECE492/de0_nano/ --output-directory=C:/Users/gdhunter/Documents/Capstone/ECE492/de0_nano/system/ --report-file=bsf:C:/Users/gdhunter/Documents/Capstone/ECE492/de0_nano/system.bsf --system-info=DEVICE_FAMILY="Cyclone IV E" --system-info=DEVICE=EP4CE22F17C6 --system-info=DEVICE_SPEEDGRADE=6 --component-file=C:/Users/gdhunter/Documents/Capstone/ECE492/de0_nano/system.qsys
Progress: Loading de0_nano/system.qsys
Progress: Reading input file
Progress: Adding clk_sys [clock_source 12.1]
Progress: Parameterizing module clk_sys
Progress: Adding cpu [altera_nios2_qsys 12.1]
Progress: Parameterizing module cpu
Progress: Adding sysid [altera_avalon_sysid_qsys 12.1]
Progress: Parameterizing module sysid
Progress: Adding sdram [altera_avalon_new_sdram_controller 12.1]
Progress: Parameterizing module sdram
Progress: Adding epcs_flash_controller [altera_avalon_epcs_flash_controller 12.1]
Progress: Parameterizing module epcs_flash_controller
Progress: Adding sys_clk_timer [altera_avalon_timer 12.1]
Progress: Parameterizing module sys_clk_timer
Progress: Adding transmitter [altera_avalon_pio 12.1]
Progress: Parameterizing module transmitter
Progress: Adding pio_led_green [altera_avalon_pio 12.1]
Progress: Parameterizing module pio_led_green
Progress: Adding jtag_uart [altera_avalon_jtag_uart 12.1]
Progress: Parameterizing module jtag_uart
Progress: Adding de0_nano_adc_0 [altera_up_avalon_de0_nano_adc 12.0]
Progress: Parameterizing module de0_nano_adc_0
Progress: Adding i2c_opencores [i2c_opencores 12.0]
Progress: Parameterizing module i2c_opencores
Progress: Building connections
Progress: Parameterizing connections
Progress: Validating
Progress: Done reading input file
Info: system.sysid: System ID is not assigned automatically. Edit the System ID parameter to provide a unique ID
Info: system.sysid: Time stamp will be automatically updated when this component is generated.
Info: ip-generate succeeded.
Info: Finished: Create block symbol file (.bsf)
Info: 
Info: Starting: Create HDL design files for synthesis
Info: ip-generate --project-directory=C:/Users/gdhunter/Documents/Capstone/ECE492/de0_nano/ --output-directory=C:/Users/gdhunter/Documents/Capstone/ECE492/de0_nano/system/synthesis/ --file-set=QUARTUS_SYNTH --report-file=sopcinfo:C:/Users/gdhunter/Documents/Capstone/ECE492/de0_nano/system.sopcinfo --report-file=html:C:/Users/gdhunter/Documents/Capstone/ECE492/de0_nano/system.html --report-file=qip:C:/Users/gdhunter/Documents/Capstone/ECE492/de0_nano/system/synthesis/system.qip --report-file=cmp:C:/Users/gdhunter/Documents/Capstone/ECE492/de0_nano/system.cmp --system-info=DEVICE_FAMILY="Cyclone IV E" --system-info=DEVICE=EP4CE22F17C6 --system-info=DEVICE_SPEEDGRADE=6 --component-file=C:/Users/gdhunter/Documents/Capstone/ECE492/de0_nano/system.qsys
Progress: Loading de0_nano/system.qsys
Progress: Reading input file
Progress: Adding clk_sys [clock_source 12.1]
Progress: Parameterizing module clk_sys
Progress: Adding cpu [altera_nios2_qsys 12.1]
Progress: Parameterizing module cpu
Progress: Adding sysid [altera_avalon_sysid_qsys 12.1]
Progress: Parameterizing module sysid
Progress: Adding sdram [altera_avalon_new_sdram_controller 12.1]
Progress: Parameterizing module sdram
Progress: Adding epcs_flash_controller [altera_avalon_epcs_flash_controller 12.1]
Progress: Parameterizing module epcs_flash_controller
Progress: Adding sys_clk_timer [altera_avalon_timer 12.1]
Progress: Parameterizing module sys_clk_timer
Progress: Adding transmitter [altera_avalon_pio 12.1]
Progress: Parameterizing module transmitter
Progress: Adding pio_led_green [altera_avalon_pio 12.1]
Progress: Parameterizing module pio_led_green
Progress: Adding jtag_uart [altera_avalon_jtag_uart 12.1]
Progress: Parameterizing module jtag_uart
Progress: Adding de0_nano_adc_0 [altera_up_avalon_de0_nano_adc 12.0]
Progress: Parameterizing module de0_nano_adc_0
Progress: Adding i2c_opencores [i2c_opencores 12.0]
Progress: Parameterizing module i2c_opencores
Progress: Building connections
Progress: Parameterizing connections
Progress: Validating
Progress: Done reading input file
Info: system.sysid: System ID is not assigned automatically. Edit the System ID parameter to provide a unique ID
Info: system.sysid: Time stamp will be automatically updated when this component is generated.
Info: system: Generating system "system" for QUARTUS_SYNTH
Info: pipeline_bridge_swap_transform: After transform: 11 modules, 46 connections
Info: No custom instruction connections, skipping transform 
Info: merlin_translator_transform: After transform: 23 modules, 94 connections
Info: merlin_domain_transform: After transform: 46 modules, 250 connections
Info: merlin_router_transform: After transform: 58 modules, 298 connections
Info: merlin_traffic_limiter_transform: After transform: 60 modules, 308 connections
Info: merlin_burst_transform: After transform: 61 modules, 312 connections
Info: reset_adaptation_transform: After transform: 62 modules, 244 connections
Info: merlin_network_to_switch_transform: After transform: 85 modules, 292 connections
Info: merlin_width_transform: After transform: 87 modules, 298 connections
Info: limiter_update_transform: After transform: 87 modules, 300 connections
Info: merlin_interrupt_mapper_transform: After transform: 88 modules, 303 connections
Warning: system: "No matching role found for epcs_flash_controller:epcs_control_port:endofpacket (endofpacket)"
Warning: system: "No matching role found for epcs_flash_controller:epcs_control_port:dataavailable (dataavailable)"
Warning: system: "No matching role found for epcs_flash_controller:epcs_control_port:readyfordata (readyfordata)"
Info: cpu: Starting RTL generation for module 'system_cpu'
Info: cpu:   Generation command is [exec C:/altera/12.1sp1/quartus/../ip/altera/nios2_ip/altera_nios2/eperl.exe -I C:/altera/12.1sp1/quartus/common/ip/altera/common/perl/5.8.3 -I C:/altera/12.1sp1/quartus/sopc_builder/bin/europa -I C:/altera/12.1sp1/quartus/sopc_builder/bin/perl_lib -I C:/altera/12.1sp1/quartus/sopc_builder/bin -I C:/altera/12.1sp1/quartus/../ip/altera/nios2_ip/altera_nios2/cpu_lib -I C:/altera/12.1sp1/quartus/../ip/altera/nios2_ip/altera_nios2/nios_lib -I C:/altera/12.1sp1/quartus/../ip/altera/nios2_ip/altera_nios2 -I C:/altera/12.1sp1/quartus/../ip/altera/nios2_ip/altera_nios2 -- C:/altera/12.1sp1/quartus/../ip/altera/nios2_ip/altera_nios2/generate_rtl.epl --name=system_cpu --dir=C:/Users/gdhunter/AppData/Local/Temp/alt6146_2770447360085003905.dir/0026_cpu_gen/ --quartus_dir=C:/altera/12.1sp1/quartus --verilog --config=C:/Users/gdhunter/AppData/Local/Temp/alt6146_2770447360085003905.dir/0026_cpu_gen//system_cpu_processor_configuration.pl  --do_build_sim=0    --bogus  ]
Info: cpu: # 2014.03.17 17:11:27 (*) Starting Nios II generation
Info: cpu: # 2014.03.17 17:11:27 (*)   Checking for plaintext license.
Info: cpu: # 2014.03.17 17:11:27 (*)   Couldn't query license setup in Quartus directory C:/altera/12.1sp1/quartus
Info: cpu: # 2014.03.17 17:11:27 (*)   Defaulting to contents of LM_LICENSE_FILE environment variable
Info: cpu: # 2014.03.17 17:11:27 (*)   Plaintext license not found.
Info: cpu: # 2014.03.17 17:11:27 (*)   Checking for encrypted license (non-evaluation).
Info: cpu: # 2014.03.17 17:11:27 (*)   Couldn't query license setup in Quartus directory C:/altera/12.1sp1/quartus
Info: cpu: # 2014.03.17 17:11:27 (*)   Defaulting to contents of LM_LICENSE_FILE environment variable
Info: cpu: # 2014.03.17 17:11:28 (*)   Encrypted license found.  SOF will not be time-limited.
Info: cpu: # 2014.03.17 17:11:28 (*)   Elaborating CPU configuration settings
Info: cpu: # 2014.03.17 17:11:28 (*)   Creating all objects for CPU
Info: cpu: # 2014.03.17 17:11:28 (*)     Testbench
Info: cpu: # 2014.03.17 17:11:28 (*)     Instruction decoding
Info: cpu: # 2014.03.17 17:11:28 (*)       Instruction fields
Info: cpu: # 2014.03.17 17:11:28 (*)       Instruction decodes
Info: cpu: # 2014.03.17 17:11:28 (*)       Signals for RTL simulation waveforms
Info: cpu: # 2014.03.17 17:11:28 (*)       Instruction controls
Info: cpu: # 2014.03.17 17:11:28 (*)     Pipeline frontend
Info: cpu: # 2014.03.17 17:11:28 (*)     Pipeline backend
Info: cpu: # 2014.03.17 17:11:31 (*)   Generating RTL from CPU objects
Info: cpu: # 2014.03.17 17:11:34 (*)   Creating encrypted RTL
Info: cpu: # 2014.03.17 17:11:35 (*) Done Nios II generation
Info: cpu: Done RTL generation for module 'system_cpu'
Info: cpu: "system" instantiated altera_nios2_qsys "cpu"
Info: sysid: "system" instantiated altera_avalon_sysid_qsys "sysid"
Info: Starting classic module elaboration.
"c:/altera/12.1sp1/quartus/bin/jre/bin/java.exe" -Xmx512M -classpath "c:/altera/12.1sp1/quartus/sopc_builder/bin/sopc_builder.jar;c:/altera/12.1sp1/quartus/sopc_builder/bin/PinAssigner.jar;c:/altera/12.1sp1/quartus/sopc_builder/bin/sopc_wizard.jar;c:/altera/12.1sp1/quartus/sopc_builder/bin/jptf.jar" sopc_builder.sopc_builder  -d"c:/altera/12.1sp1/quartus/sopc_builder" -notalkback=1 -projectnameyysystem.qpf -projectpathC:/Users/gdhunter/AppData/Local/Temp/alt6146_2770447360085003905.dir/0028_sopclgen  --no_splash --refresh C:/Users/gdhunter/AppData/Local/Temp/alt6146_2770447360085003905.dir/0028_sopclgen/yysystem.v --quartus_dir="c:/altera/12.1sp1/quartus" --sopc_perl="c:/altera/12.1sp1/quartus/bin/perl" --sopc_lib_path="++c:/altera/12.1sp1/quartus/../ip/altera/sopc_builder_ip+c:/altera/12.1sp1/quartus/../ip/altera/nios2_ip"
Info: Finished elaborating classic module.
Executing: C:/altera/12.1sp1/quartus//sopc_builder/bin/sopc_builder --classic --generate C:/Users/gdhunter/AppData/Local/Temp/alt6146_2770447360085003905.dir/0028_sopclgen/yysystem.ptf
Info: Running sopc_builder...
"c:/altera/12.1sp1/quartus/bin/jre/bin/java.exe" -Xmx512M -classpath "c:/altera/12.1sp1/quartus/sopc_builder/bin/sopc_builder.jar;c:/altera/12.1sp1/quartus/sopc_builder/bin/PinAssigner.jar;c:/altera/12.1sp1/quartus/sopc_builder/bin/sopc_wizard.jar;c:/altera/12.1sp1/quartus/sopc_builder/bin/jptf.jar" sopc_builder.sopc_builder  -d"c:/altera/12.1sp1/quartus/sopc_builder" -notalkback=1 -projectnameyysystem.qpf -projectpathC:/Users/gdhunter/AppData/Local/Temp/alt6146_2770447360085003905.dir/0028_sopclgen  --generate C:/Users/gdhunter/AppData/Local/Temp/alt6146_2770447360085003905.dir/0028_sopclgen/yysystem.v --quartus_dir="c:/altera/12.1sp1/quartus" --sopc_perl="c:/altera/12.1sp1/quartus/bin/perl" --sopc_lib_path="++c:/altera/12.1sp1/quartus/../ip/altera/sopc_builder_ip+c:/altera/12.1sp1/quartus/../ip/altera/nios2_ip"
No .sopc_builder configuration file(!)
.
.
# 2014.03.17 17:11:39 (*) Running Test Generator Program for system_sdram
# 2014.03.17 17:11:40 (*) Success: sopc_builder finished.
Info: sdram: "system" instantiated altera_avalon_new_sdram_controller "sdram"
Info: Starting classic module elaboration.
"c:/altera/12.1sp1/quartus/bin/jre/bin/java.exe" -Xmx512M -classpath "c:/altera/12.1sp1/quartus/sopc_builder/bin/sopc_builder.jar;c:/altera/12.1sp1/quartus/sopc_builder/bin/PinAssigner.jar;c:/altera/12.1sp1/quartus/sopc_builder/bin/sopc_wizard.jar;c:/altera/12.1sp1/quartus/sopc_builder/bin/jptf.jar" sopc_builder.sopc_builder  -d"c:/altera/12.1sp1/quartus/sopc_builder" -notalkback=1 -projectnameyysystem.qpf -projectpathC:/Users/gdhunter/AppData/Local/Temp/alt6146_2770447360085003905.dir/0029_sopclgen  --no_splash --refresh C:/Users/gdhunter/AppData/Local/Temp/alt6146_2770447360085003905.dir/0029_sopclgen/yysystem.v --quartus_dir="c:/altera/12.1sp1/quartus" --sopc_perl="c:/altera/12.1sp1/quartus/bin/perl" --sopc_lib_path="++c:/altera/12.1sp1/quartus/../ip/altera/sopc_builder_ip+c:/altera/12.1sp1/quartus/../ip/altera/nios2_ip"
Info: Finished elaborating classic module.
Executing: C:/altera/12.1sp1/quartus//sopc_builder/bin/sopc_builder --classic --generate C:/Users/gdhunter/AppData/Local/Temp/alt6146_2770447360085003905.dir/0029_sopclgen/yysystem.ptf
Info: Running sopc_builder...
"c:/altera/12.1sp1/quartus/bin/jre/bin/java.exe" -Xmx512M -classpath "c:/altera/12.1sp1/quartus/sopc_builder/bin/sopc_builder.jar;c:/altera/12.1sp1/quartus/sopc_builder/bin/PinAssigner.jar;c:/altera/12.1sp1/quartus/sopc_builder/bin/sopc_wizard.jar;c:/altera/12.1sp1/quartus/sopc_builder/bin/jptf.jar" sopc_builder.sopc_builder  -d"c:/altera/12.1sp1/quartus/sopc_builder" -notalkback=1 -projectnameyysystem.qpf -projectpathC:/Users/gdhunter/AppData/Local/Temp/alt6146_2770447360085003905.dir/0029_sopclgen  --generate C:/Users/gdhunter/AppData/Local/Temp/alt6146_2770447360085003905.dir/0029_sopclgen/yysystem.v --quartus_dir="c:/altera/12.1sp1/quartus" --sopc_perl="c:/altera/12.1sp1/quartus/bin/perl" --sopc_lib_path="++c:/altera/12.1sp1/quartus/../ip/altera/sopc_builder_ip+c:/altera/12.1sp1/quartus/../ip/altera/nios2_ip"
No .sopc_builder configuration file(!)
.
# 2014.03.17 17:11:45 (*) Success: sopc_builder finished.
Info: epcs_flash_controller: "system" instantiated altera_avalon_epcs_flash_controller "epcs_flash_controller"
Info: Starting classic module elaboration.
"c:/altera/12.1sp1/quartus/bin/jre/bin/java.exe" -Xmx512M -classpath "c:/altera/12.1sp1/quartus/sopc_builder/bin/sopc_builder.jar;c:/altera/12.1sp1/quartus/sopc_builder/bin/PinAssigner.jar;c:/altera/12.1sp1/quartus/sopc_builder/bin/sopc_wizard.jar;c:/altera/12.1sp1/quartus/sopc_builder/bin/jptf.jar" sopc_builder.sopc_builder  -d"c:/altera/12.1sp1/quartus/sopc_builder" -notalkback=1 -projectnameyysystem.qpf -projectpathC:/Users/gdhunter/AppData/Local/Temp/alt6146_2770447360085003905.dir/0030_sopclgen  --no_splash --refresh C:/Users/gdhunter/AppData/Local/Temp/alt6146_2770447360085003905.dir/0030_sopclgen/yysystem.v --quartus_dir="c:/altera/12.1sp1/quartus" --sopc_perl="c:/altera/12.1sp1/quartus/bin/perl" --sopc_lib_path="++c:/altera/12.1sp1/quartus/../ip/altera/sopc_builder_ip+c:/altera/12.1sp1/quartus/../ip/altera/nios2_ip"
Info: Finished elaborating classic module.
Executing: C:/altera/12.1sp1/quartus//sopc_builder/bin/sopc_builder --classic --generate C:/Users/gdhunter/AppData/Local/Temp/alt6146_2770447360085003905.dir/0030_sopclgen/yysystem.ptf
Info: Running sopc_builder...
"c:/altera/12.1sp1/quartus/bin/jre/bin/java.exe" -Xmx512M -classpath "c:/altera/12.1sp1/quartus/sopc_builder/bin/sopc_builder.jar;c:/altera/12.1sp1/quartus/sopc_builder/bin/PinAssigner.jar;c:/altera/12.1sp1/quartus/sopc_builder/bin/sopc_wizard.jar;c:/altera/12.1sp1/quartus/sopc_builder/bin/jptf.jar" sopc_builder.sopc_builder  -d"c:/altera/12.1sp1/quartus/sopc_builder" -notalkback=1 -projectnameyysystem.qpf -projectpathC:/Users/gdhunter/AppData/Local/Temp/alt6146_2770447360085003905.dir/0030_sopclgen  --generate C:/Users/gdhunter/AppData/Local/Temp/alt6146_2770447360085003905.dir/0030_sopclgen/yysystem.v --quartus_dir="c:/altera/12.1sp1/quartus" --sopc_perl="c:/altera/12.1sp1/quartus/bin/perl" --sopc_lib_path="++c:/altera/12.1sp1/quartus/../ip/altera/sopc_builder_ip+c:/altera/12.1sp1/quartus/../ip/altera/nios2_ip"
No .sopc_builder configuration file(!)
.
# 2014.03.17 17:11:50 (*) Success: sopc_builder finished.
Info: sys_clk_timer: "system" instantiated altera_avalon_timer "sys_clk_timer"
Info: Starting classic module elaboration.
"c:/altera/12.1sp1/quartus/bin/jre/bin/java.exe" -Xmx512M -classpath "c:/altera/12.1sp1/quartus/sopc_builder/bin/sopc_builder.jar;c:/altera/12.1sp1/quartus/sopc_builder/bin/PinAssigner.jar;c:/altera/12.1sp1/quartus/sopc_builder/bin/sopc_wizard.jar;c:/altera/12.1sp1/quartus/sopc_builder/bin/jptf.jar" sopc_builder.sopc_builder  -d"c:/altera/12.1sp1/quartus/sopc_builder" -notalkback=1 -projectnameyysystem.qpf -projectpathC:/Users/gdhunter/AppData/Local/Temp/alt6146_2770447360085003905.dir/0031_sopclgen  --no_splash --refresh C:/Users/gdhunter/AppData/Local/Temp/alt6146_2770447360085003905.dir/0031_sopclgen/yysystem.v --quartus_dir="c:/altera/12.1sp1/quartus" --sopc_perl="c:/altera/12.1sp1/quartus/bin/perl" --sopc_lib_path="++c:/altera/12.1sp1/quartus/../ip/altera/sopc_builder_ip+c:/altera/12.1sp1/quartus/../ip/altera/nios2_ip"
Info: Finished elaborating classic module.
Executing: C:/altera/12.1sp1/quartus//sopc_builder/bin/sopc_builder --classic --generate C:/Users/gdhunter/AppData/Local/Temp/alt6146_2770447360085003905.dir/0031_sopclgen/yysystem.ptf
Info: Running sopc_builder...
"c:/altera/12.1sp1/quartus/bin/jre/bin/java.exe" -Xmx512M -classpath "c:/altera/12.1sp1/quartus/sopc_builder/bin/sopc_builder.jar;c:/altera/12.1sp1/quartus/sopc_builder/bin/PinAssigner.jar;c:/altera/12.1sp1/quartus/sopc_builder/bin/sopc_wizard.jar;c:/altera/12.1sp1/quartus/sopc_builder/bin/jptf.jar" sopc_builder.sopc_builder  -d"c:/altera/12.1sp1/quartus/sopc_builder" -notalkback=1 -projectnameyysystem.qpf -projectpathC:/Users/gdhunter/AppData/Local/Temp/alt6146_2770447360085003905.dir/0031_sopclgen  --generate C:/Users/gdhunter/AppData/Local/Temp/alt6146_2770447360085003905.dir/0031_sopclgen/yysystem.v --quartus_dir="c:/altera/12.1sp1/quartus" --sopc_perl="c:/altera/12.1sp1/quartus/bin/perl" --sopc_lib_path="++c:/altera/12.1sp1/quartus/../ip/altera/sopc_builder_ip+c:/altera/12.1sp1/quartus/../ip/altera/nios2_ip"
No .sopc_builder configuration file(!)
.
# 2014.03.17 17:11:54 (*) Success: sopc_builder finished.
Info: transmitter: "system" instantiated altera_avalon_pio "transmitter"
Info: Starting classic module elaboration.
"c:/altera/12.1sp1/quartus/bin/jre/bin/java.exe" -Xmx512M -classpath "c:/altera/12.1sp1/quartus/sopc_builder/bin/sopc_builder.jar;c:/altera/12.1sp1/quartus/sopc_builder/bin/PinAssigner.jar;c:/altera/12.1sp1/quartus/sopc_builder/bin/sopc_wizard.jar;c:/altera/12.1sp1/quartus/sopc_builder/bin/jptf.jar" sopc_builder.sopc_builder  -d"c:/altera/12.1sp1/quartus/sopc_builder" -notalkback=1 -projectnameyysystem.qpf -projectpathC:/Users/gdhunter/AppData/Local/Temp/alt6146_2770447360085003905.dir/0032_sopclgen  --no_splash --refresh C:/Users/gdhunter/AppData/Local/Temp/alt6146_2770447360085003905.dir/0032_sopclgen/yysystem.v --quartus_dir="c:/altera/12.1sp1/quartus" --sopc_perl="c:/altera/12.1sp1/quartus/bin/perl" --sopc_lib_path="++c:/altera/12.1sp1/quartus/../ip/altera/sopc_builder_ip+c:/altera/12.1sp1/quartus/../ip/altera/nios2_ip"
Info: Finished elaborating classic module.
Executing: C:/altera/12.1sp1/quartus//sopc_builder/bin/sopc_builder --classic --generate C:/Users/gdhunter/AppData/Local/Temp/alt6146_2770447360085003905.dir/0032_sopclgen/yysystem.ptf
Info: Running sopc_builder...
"c:/altera/12.1sp1/quartus/bin/jre/bin/java.exe" -Xmx512M -classpath "c:/altera/12.1sp1/quartus/sopc_builder/bin/sopc_builder.jar;c:/altera/12.1sp1/quartus/sopc_builder/bin/PinAssigner.jar;c:/altera/12.1sp1/quartus/sopc_builder/bin/sopc_wizard.jar;c:/altera/12.1sp1/quartus/sopc_builder/bin/jptf.jar" sopc_builder.sopc_builder  -d"c:/altera/12.1sp1/quartus/sopc_builder" -notalkback=1 -projectnameyysystem.qpf -projectpathC:/Users/gdhunter/AppData/Local/Temp/alt6146_2770447360085003905.dir/0032_sopclgen  --generate C:/Users/gdhunter/AppData/Local/Temp/alt6146_2770447360085003905.dir/0032_sopclgen/yysystem.v --quartus_dir="c:/altera/12.1sp1/quartus" --sopc_perl="c:/altera/12.1sp1/quartus/bin/perl" --sopc_lib_path="++c:/altera/12.1sp1/quartus/../ip/altera/sopc_builder_ip+c:/altera/12.1sp1/quartus/../ip/altera/nios2_ip"
No .sopc_builder configuration file(!)
.
# 2014.03.17 17:11:58 (*) Success: sopc_builder finished.
Info: pio_led_green: "system" instantiated altera_avalon_pio "pio_led_green"
Info: Starting classic module elaboration.
"c:/altera/12.1sp1/quartus/bin/jre/bin/java.exe" -Xmx512M -classpath "c:/altera/12.1sp1/quartus/sopc_builder/bin/sopc_builder.jar;c:/altera/12.1sp1/quartus/sopc_builder/bin/PinAssigner.jar;c:/altera/12.1sp1/quartus/sopc_builder/bin/sopc_wizard.jar;c:/altera/12.1sp1/quartus/sopc_builder/bin/jptf.jar" sopc_builder.sopc_builder  -d"c:/altera/12.1sp1/quartus/sopc_builder" -notalkback=1 -projectnameyysystem.qpf -projectpathC:/Users/gdhunter/AppData/Local/Temp/alt6146_2770447360085003905.dir/0033_sopclgen  --no_splash --refresh C:/Users/gdhunter/AppData/Local/Temp/alt6146_2770447360085003905.dir/0033_sopclgen/yysystem.v --quartus_dir="c:/altera/12.1sp1/quartus" --sopc_perl="c:/altera/12.1sp1/quartus/bin/perl" --sopc_lib_path="++c:/altera/12.1sp1/quartus/../ip/altera/sopc_builder_ip+c:/altera/12.1sp1/quartus/../ip/altera/nios2_ip"
Info: Finished elaborating classic module.
Executing: C:/altera/12.1sp1/quartus//sopc_builder/bin/sopc_builder --classic --generate C:/Users/gdhunter/AppData/Local/Temp/alt6146_2770447360085003905.dir/0033_sopclgen/yysystem.ptf
Info: Running sopc_builder...
"c:/altera/12.1sp1/quartus/bin/jre/bin/java.exe" -Xmx512M -classpath "c:/altera/12.1sp1/quartus/sopc_builder/bin/sopc_builder.jar;c:/altera/12.1sp1/quartus/sopc_builder/bin/PinAssigner.jar;c:/altera/12.1sp1/quartus/sopc_builder/bin/sopc_wizard.jar;c:/altera/12.1sp1/quartus/sopc_builder/bin/jptf.jar" sopc_builder.sopc_builder  -d"c:/altera/12.1sp1/quartus/sopc_builder" -notalkback=1 -projectnameyysystem.qpf -projectpathC:/Users/gdhunter/AppData/Local/Temp/alt6146_2770447360085003905.dir/0033_sopclgen  --generate C:/Users/gdhunter/AppData/Local/Temp/alt6146_2770447360085003905.dir/0033_sopclgen/yysystem.v --quartus_dir="c:/altera/12.1sp1/quartus" --sopc_perl="c:/altera/12.1sp1/quartus/bin/perl" --sopc_lib_path="++c:/altera/12.1sp1/quartus/../ip/altera/sopc_builder_ip+c:/altera/12.1sp1/quartus/../ip/altera/nios2_ip"
No .sopc_builder configuration file(!)
.
# 2014.03.17 17:12:02 (*) Success: sopc_builder finished.
Info: jtag_uart: "system" instantiated altera_avalon_jtag_uart "jtag_uart"
Info: de0_nano_adc_0: Starting Generation of DE0-Nano ADC Controller
Info: de0_nano_adc_0: C:/altera/12.1sp1/ip/University_Program/Input_Output/altera_up_avalon_de0_nano_adc/hdl/adv_adc.v C:/Users/gdhunter/AppData/Local/Temp/alt6146_2770447360085003905.dir/0034_sopcgen/system_de0_nano_adc_0.v
Warning: de0_nano_adc_0: Parameter tsclk has hdl_parameter = false but parameter exists on the HDL
Warning: de0_nano_adc_0: Parameter numch has hdl_parameter = false but parameter exists on the HDL
Info: de0_nano_adc_0: "system" instantiated altera_up_avalon_de0_nano_adc "de0_nano_adc_0"
Info: i2c_opencores: "system" instantiated i2c_opencores "i2c_opencores"
Info: cpu_instruction_master_translator: "system" instantiated altera_merlin_master_translator "cpu_instruction_master_translator"
Info: cpu_jtag_debug_module_translator: "system" instantiated altera_merlin_slave_translator "cpu_jtag_debug_module_translator"
Info: cpu_instruction_master_translator_avalon_universal_master_0_agent: "system" instantiated altera_merlin_master_agent "cpu_instruction_master_translator_avalon_universal_master_0_agent"
Info: cpu_jtag_debug_module_translator_avalon_universal_slave_0_agent: "system" instantiated altera_merlin_slave_agent "cpu_jtag_debug_module_translator_avalon_universal_slave_0_agent"
Info: cpu_jtag_debug_module_translator_avalon_universal_slave_0_agent_rsp_fifo: "system" instantiated altera_avalon_sc_fifo "cpu_jtag_debug_module_translator_avalon_universal_slave_0_agent_rsp_fifo"
Info: addr_router: "system" instantiated altera_merlin_router "addr_router"
Info: addr_router_001: "system" instantiated altera_merlin_router "addr_router_001"
Info: id_router: "system" instantiated altera_merlin_router "id_router"
Info: id_router_001: "system" instantiated altera_merlin_router "id_router_001"
Info: id_router_002: "system" instantiated altera_merlin_router "id_router_002"
Info: limiter: "system" instantiated altera_merlin_traffic_limiter "limiter"
Info: burst_adapter: "system" instantiated altera_merlin_burst_adapter "burst_adapter"
Info: rst_controller: "system" instantiated altera_reset_controller "rst_controller"
Info: cmd_xbar_demux: "system" instantiated altera_merlin_demultiplexer "cmd_xbar_demux"
Info: cmd_xbar_demux_001: "system" instantiated altera_merlin_demultiplexer "cmd_xbar_demux_001"
Info: cmd_xbar_mux: "system" instantiated altera_merlin_multiplexer "cmd_xbar_mux"
Info: rsp_xbar_demux: "system" instantiated altera_merlin_demultiplexer "rsp_xbar_demux"
Info: rsp_xbar_demux_002: "system" instantiated altera_merlin_demultiplexer "rsp_xbar_demux_002"
Info: rsp_xbar_mux: "system" instantiated altera_merlin_multiplexer "rsp_xbar_mux"
Info: Reusing file C:/Users/gdhunter/Documents/Capstone/ECE492/de0_nano/system/synthesis/submodules/altera_merlin_arbitrator.sv
Info: rsp_xbar_mux_001: "system" instantiated altera_merlin_multiplexer "rsp_xbar_mux_001"
Info: Reusing file C:/Users/gdhunter/Documents/Capstone/ECE492/de0_nano/system/synthesis/submodules/altera_merlin_arbitrator.sv
Info: width_adapter: "system" instantiated altera_merlin_width_adapter "width_adapter"
Info: Reusing file C:/Users/gdhunter/Documents/Capstone/ECE492/de0_nano/system/synthesis/submodules/altera_merlin_burst_uncompressor.sv
Info: Reusing file C:/Users/gdhunter/Documents/Capstone/ECE492/de0_nano/system/synthesis/submodules/altera_merlin_address_alignment.sv
Info: irq_mapper: "system" instantiated altera_irq_mapper "irq_mapper"
Info: system: Done system" with 33 modules, 122 files, 2398491 bytes
Info: ip-generate succeeded.
Info: Finished: Create HDL design files for synthesis
