Flow report for de0_nano_system
Mon Feb 24 14:35:05 2014
Quartus II 64-Bit Version 12.1 Build 243 01/31/2013 Service Pack 1.33 SJ Full Version


---------------------
; Table of Contents ;
---------------------
  1. Legal Notice
  2. Flow Summary
  3. Flow Settings
  4. Flow Non-Default Global Settings
  5. Flow Elapsed Time
  6. Flow OS Summary
  7. Flow Log



----------------
; Legal Notice ;
----------------
Copyright (C) 1991-2012 Altera Corporation
Your use of Altera Corporation's design tools, logic functions 
and other software and tools, and its AMPP partner logic 
functions, and any output files from any of the foregoing 
(including device programming or simulation files), and any 
associated documentation or information are expressly subject 
to the terms and conditions of the Altera Program License 
Subscription Agreement, Altera MegaCore Function License 
Agreement, or other applicable license agreement, including, 
without limitation, that your use is for the sole purpose of 
programming logic devices manufactured by Altera and sold by 
Altera or its authorized distributors.  Please refer to the 
applicable agreement for further details.



+----------------------------------------------------------------------------------------+
; Flow Summary                                                                           ;
+------------------------------------+---------------------------------------------------+
; Flow Status                        ; Successful - Mon Feb 24 14:34:58 2014             ;
; Quartus II 64-Bit Version          ; 12.1 Build 243 01/31/2013 SP 1.33 SJ Full Version ;
; Revision Name                      ; de0_nano_system                                   ;
; Top-level Entity Name              ; de0_nano_system                                   ;
; Family                             ; Cyclone IV E                                      ;
; Device                             ; EP4CE22F17C6                                      ;
; Timing Models                      ; Final                                             ;
; Total logic elements               ; 4,223 / 22,320 ( 19 % )                           ;
;     Total combinational functions  ; 3,645 / 22,320 ( 16 % )                           ;
;     Dedicated logic registers      ; 2,596 / 22,320 ( 12 % )                           ;
; Total registers                    ; 2665                                              ;
; Total pins                         ; 56 / 154 ( 36 % )                                 ;
; Total virtual pins                 ; 0                                                 ;
; Total memory bits                  ; 126,336 / 608,256 ( 21 % )                        ;
; Embedded Multiplier 9-bit elements ; 4 / 132 ( 3 % )                                   ;
; Total PLLs                         ; 1 / 4 ( 25 % )                                    ;
+------------------------------------+---------------------------------------------------+


+-----------------------------------------+
; Flow Settings                           ;
+-------------------+---------------------+
; Option            ; Setting             ;
+-------------------+---------------------+
; Start date & time ; 02/24/2014 14:33:53 ;
; Main task         ; Compilation         ;
; Revision Name     ; de0_nano_system     ;
+-------------------+---------------------+


+---------------------------------------------------------------------------------------------------------------------------------------------------------------+
; Flow Non-Default Global Settings                                                                                                                              ;
+-------------------------------------+----------------------------------------------------------+---------------+---------------------------------+------------+
; Assignment Name                     ; Value                                                    ; Default Value ; Entity Name                     ; Section Id ;
+-------------------------------------+----------------------------------------------------------+---------------+---------------------------------+------------+
; COMPILER_SIGNATURE_ID               ; 116530612650.139327763303268                             ; --            ; --                              ; --         ;
; IP_TOOL_ENV                         ; qsys                                                     ; --            ; altera_avalon_sc_fifo           ; --         ;
; IP_TOOL_ENV                         ; qsys                                                     ; --            ; altera_merlin_burst_adapter     ; --         ;
; IP_TOOL_ENV                         ; qsys                                                     ; --            ; altera_merlin_master_agent      ; --         ;
; IP_TOOL_ENV                         ; qsys                                                     ; --            ; altera_merlin_master_translator ; --         ;
; IP_TOOL_ENV                         ; qsys                                                     ; --            ; altera_merlin_slave_agent       ; --         ;
; IP_TOOL_ENV                         ; qsys                                                     ; --            ; altera_merlin_slave_translator  ; --         ;
; IP_TOOL_ENV                         ; qsys                                                     ; --            ; altera_merlin_traffic_limiter   ; --         ;
; IP_TOOL_ENV                         ; qsys                                                     ; --            ; altera_merlin_width_adapter     ; --         ;
; IP_TOOL_ENV                         ; qsys                                                     ; --            ; altera_reset_controller         ; --         ;
; IP_TOOL_ENV                         ; qsys                                                     ; --            ; system                          ; --         ;
; IP_TOOL_ENV                         ; qsys                                                     ; --            ; system_addr_router              ; --         ;
; IP_TOOL_ENV                         ; qsys                                                     ; --            ; system_addr_router_001          ; --         ;
; IP_TOOL_ENV                         ; qsys                                                     ; --            ; system_cmd_xbar_demux           ; --         ;
; IP_TOOL_ENV                         ; qsys                                                     ; --            ; system_cmd_xbar_demux_001       ; --         ;
; IP_TOOL_ENV                         ; qsys                                                     ; --            ; system_cmd_xbar_mux             ; --         ;
; IP_TOOL_ENV                         ; qsys                                                     ; --            ; system_cpu                      ; --         ;
; IP_TOOL_ENV                         ; qsys                                                     ; --            ; system_epcs_flash_controller    ; --         ;
; IP_TOOL_ENV                         ; qsys                                                     ; --            ; system_id_router                ; --         ;
; IP_TOOL_ENV                         ; qsys                                                     ; --            ; system_id_router_001            ; --         ;
; IP_TOOL_ENV                         ; qsys                                                     ; --            ; system_id_router_002            ; --         ;
; IP_TOOL_ENV                         ; qsys                                                     ; --            ; system_irq_mapper               ; --         ;
; IP_TOOL_ENV                         ; qsys                                                     ; --            ; system_jtag_uart                ; --         ;
; IP_TOOL_ENV                         ; qsys                                                     ; --            ; system_pio_led_green            ; --         ;
; IP_TOOL_ENV                         ; qsys                                                     ; --            ; system_rsp_xbar_demux           ; --         ;
; IP_TOOL_ENV                         ; qsys                                                     ; --            ; system_rsp_xbar_demux_002       ; --         ;
; IP_TOOL_ENV                         ; qsys                                                     ; --            ; system_rsp_xbar_mux             ; --         ;
; IP_TOOL_ENV                         ; qsys                                                     ; --            ; system_rsp_xbar_mux_001         ; --         ;
; IP_TOOL_ENV                         ; qsys                                                     ; --            ; system_sdram                    ; --         ;
; IP_TOOL_ENV                         ; qsys                                                     ; --            ; system_sys_clk_timer            ; --         ;
; IP_TOOL_ENV                         ; qsys                                                     ; --            ; system_sysid                    ; --         ;
; IP_TOOL_ENV                         ; qsys                                                     ; --            ; system_transmitter              ; --         ;
; IP_TOOL_NAME                        ; ALTPLL                                                   ; --            ; --                              ; --         ;
; IP_TOOL_NAME                        ; altera_avalon_sc_fifo                                    ; --            ; altera_avalon_sc_fifo           ; --         ;
; IP_TOOL_NAME                        ; altera_merlin_burst_adapter                              ; --            ; altera_merlin_burst_adapter     ; --         ;
; IP_TOOL_NAME                        ; altera_merlin_master_agent                               ; --            ; altera_merlin_master_agent      ; --         ;
; IP_TOOL_NAME                        ; altera_merlin_master_translator                          ; --            ; altera_merlin_master_translator ; --         ;
; IP_TOOL_NAME                        ; altera_merlin_slave_agent                                ; --            ; altera_merlin_slave_agent       ; --         ;
; IP_TOOL_NAME                        ; altera_merlin_slave_translator                           ; --            ; altera_merlin_slave_translator  ; --         ;
; IP_TOOL_NAME                        ; altera_merlin_traffic_limiter                            ; --            ; altera_merlin_traffic_limiter   ; --         ;
; IP_TOOL_NAME                        ; altera_merlin_width_adapter                              ; --            ; altera_merlin_width_adapter     ; --         ;
; IP_TOOL_NAME                        ; altera_reset_controller                                  ; --            ; altera_reset_controller         ; --         ;
; IP_TOOL_NAME                        ; qsys                                                     ; --            ; system                          ; --         ;
; IP_TOOL_NAME                        ; altera_merlin_router                                     ; --            ; system_addr_router              ; --         ;
; IP_TOOL_NAME                        ; altera_merlin_router                                     ; --            ; system_addr_router_001          ; --         ;
; IP_TOOL_NAME                        ; altera_merlin_demultiplexer                              ; --            ; system_cmd_xbar_demux           ; --         ;
; IP_TOOL_NAME                        ; altera_merlin_demultiplexer                              ; --            ; system_cmd_xbar_demux_001       ; --         ;
; IP_TOOL_NAME                        ; altera_merlin_multiplexer                                ; --            ; system_cmd_xbar_mux             ; --         ;
; IP_TOOL_NAME                        ; altera_nios2_qsys                                        ; --            ; system_cpu                      ; --         ;
; IP_TOOL_NAME                        ; altera_avalon_epcs_flash_controller                      ; --            ; system_epcs_flash_controller    ; --         ;
; IP_TOOL_NAME                        ; altera_merlin_router                                     ; --            ; system_id_router                ; --         ;
; IP_TOOL_NAME                        ; altera_merlin_router                                     ; --            ; system_id_router_001            ; --         ;
; IP_TOOL_NAME                        ; altera_merlin_router                                     ; --            ; system_id_router_002            ; --         ;
; IP_TOOL_NAME                        ; altera_irq_mapper                                        ; --            ; system_irq_mapper               ; --         ;
; IP_TOOL_NAME                        ; altera_avalon_jtag_uart                                  ; --            ; system_jtag_uart                ; --         ;
; IP_TOOL_NAME                        ; altera_avalon_pio                                        ; --            ; system_pio_led_green            ; --         ;
; IP_TOOL_NAME                        ; altera_merlin_demultiplexer                              ; --            ; system_rsp_xbar_demux           ; --         ;
; IP_TOOL_NAME                        ; altera_merlin_demultiplexer                              ; --            ; system_rsp_xbar_demux_002       ; --         ;
; IP_TOOL_NAME                        ; altera_merlin_multiplexer                                ; --            ; system_rsp_xbar_mux             ; --         ;
; IP_TOOL_NAME                        ; altera_merlin_multiplexer                                ; --            ; system_rsp_xbar_mux_001         ; --         ;
; IP_TOOL_NAME                        ; altera_avalon_new_sdram_controller                       ; --            ; system_sdram                    ; --         ;
; IP_TOOL_NAME                        ; altera_avalon_timer                                      ; --            ; system_sys_clk_timer            ; --         ;
; IP_TOOL_NAME                        ; altera_avalon_sysid_qsys                                 ; --            ; system_sysid                    ; --         ;
; IP_TOOL_NAME                        ; altera_avalon_pio                                        ; --            ; system_transmitter              ; --         ;
; IP_TOOL_VERSION                     ; 12.1                                                     ; --            ; --                              ; --         ;
; IP_TOOL_VERSION                     ; 12.1                                                     ; --            ; altera_avalon_sc_fifo           ; --         ;
; IP_TOOL_VERSION                     ; 12.1                                                     ; --            ; altera_merlin_burst_adapter     ; --         ;
; IP_TOOL_VERSION                     ; 12.1                                                     ; --            ; altera_merlin_master_agent      ; --         ;
; IP_TOOL_VERSION                     ; 12.1                                                     ; --            ; altera_merlin_master_translator ; --         ;
; IP_TOOL_VERSION                     ; 12.1                                                     ; --            ; altera_merlin_slave_agent       ; --         ;
; IP_TOOL_VERSION                     ; 12.1                                                     ; --            ; altera_merlin_slave_translator  ; --         ;
; IP_TOOL_VERSION                     ; 12.1                                                     ; --            ; altera_merlin_traffic_limiter   ; --         ;
; IP_TOOL_VERSION                     ; 12.1                                                     ; --            ; altera_merlin_width_adapter     ; --         ;
; IP_TOOL_VERSION                     ; 12.1                                                     ; --            ; altera_reset_controller         ; --         ;
; IP_TOOL_VERSION                     ; 12.1sp1                                                  ; --            ; system                          ; --         ;
; IP_TOOL_VERSION                     ; 12.1                                                     ; --            ; system_addr_router              ; --         ;
; IP_TOOL_VERSION                     ; 12.1                                                     ; --            ; system_addr_router_001          ; --         ;
; IP_TOOL_VERSION                     ; 12.1                                                     ; --            ; system_cmd_xbar_demux           ; --         ;
; IP_TOOL_VERSION                     ; 12.1                                                     ; --            ; system_cmd_xbar_demux_001       ; --         ;
; IP_TOOL_VERSION                     ; 12.1                                                     ; --            ; system_cmd_xbar_mux             ; --         ;
; IP_TOOL_VERSION                     ; 12.1                                                     ; --            ; system_cpu                      ; --         ;
; IP_TOOL_VERSION                     ; 12.1                                                     ; --            ; system_epcs_flash_controller    ; --         ;
; IP_TOOL_VERSION                     ; 12.1                                                     ; --            ; system_id_router                ; --         ;
; IP_TOOL_VERSION                     ; 12.1                                                     ; --            ; system_id_router_001            ; --         ;
; IP_TOOL_VERSION                     ; 12.1                                                     ; --            ; system_id_router_002            ; --         ;
; IP_TOOL_VERSION                     ; 12.1                                                     ; --            ; system_irq_mapper               ; --         ;
; IP_TOOL_VERSION                     ; 12.1                                                     ; --            ; system_jtag_uart                ; --         ;
; IP_TOOL_VERSION                     ; 12.1                                                     ; --            ; system_pio_led_green            ; --         ;
; IP_TOOL_VERSION                     ; 12.1                                                     ; --            ; system_rsp_xbar_demux           ; --         ;
; IP_TOOL_VERSION                     ; 12.1                                                     ; --            ; system_rsp_xbar_demux_002       ; --         ;
; IP_TOOL_VERSION                     ; 12.1                                                     ; --            ; system_rsp_xbar_mux             ; --         ;
; IP_TOOL_VERSION                     ; 12.1                                                     ; --            ; system_rsp_xbar_mux_001         ; --         ;
; IP_TOOL_VERSION                     ; 12.1                                                     ; --            ; system_sdram                    ; --         ;
; IP_TOOL_VERSION                     ; 12.1                                                     ; --            ; system_sys_clk_timer            ; --         ;
; IP_TOOL_VERSION                     ; 12.1                                                     ; --            ; system_sysid                    ; --         ;
; IP_TOOL_VERSION                     ; 12.1                                                     ; --            ; system_transmitter              ; --         ;
; MAX_CORE_JUNCTION_TEMP              ; 85                                                       ; --            ; --                              ; --         ;
; MIN_CORE_JUNCTION_TEMP              ; 0                                                        ; --            ; --                              ; --         ;
; MISC_FILE                           ; system/synthesis/../../system.cmp                        ; --            ; --                              ; --         ;
; MISC_FILE                           ; system/synthesis/../../system.qsys                       ; --            ; --                              ; --         ;
; MISC_FILE                           ; pll_sys.cmp                                              ; --            ; --                              ; --         ;
; MISC_FILE                           ; pll_sys.ppf                                              ; --            ; --                              ; --         ;
; PARTITION_COLOR                     ; 16764057                                                 ; --            ; --                              ; Top        ;
; PARTITION_FITTER_PRESERVATION_LEVEL ; PLACEMENT_AND_ROUTING                                    ; --            ; --                              ; Top        ;
; PARTITION_NETLIST_TYPE              ; SOURCE                                                   ; --            ; --                              ; Top        ;
; POWER_BOARD_THERMAL_MODEL           ; None (CONSERVATIVE)                                      ; --            ; --                              ; --         ;
; POWER_PRESET_COOLING_SOLUTION       ; 23 MM HEAT SINK WITH 200 LFPM AIRFLOW                    ; --            ; --                              ; --         ;
; PROJECT_OUTPUT_DIRECTORY            ; output_files                                             ; --            ; --                              ; --         ;
; SLD_INFO                            ; QSYS_NAME system HAS_SOPCINFO 1 GENERATION_ID 1393017366 ; --            ; system                          ; --         ;
; SOPCINFO_FILE                       ; system/synthesis/../../system.sopcinfo                   ; --            ; --                              ; --         ;
; SYNTHESIS_ONLY_QIP                  ; On                                                       ; --            ; --                              ; --         ;
+-------------------------------------+----------------------------------------------------------+---------------+---------------------------------+------------+


+-------------------------------------------------------------------------------------------------------------------------------+
; Flow Elapsed Time                                                                                                             ;
+---------------------------+--------------+-------------------------+---------------------+------------------------------------+
; Module Name               ; Elapsed Time ; Average Processors Used ; Peak Virtual Memory ; Total CPU Time (on all processors) ;
+---------------------------+--------------+-------------------------+---------------------+------------------------------------+
; Analysis & Synthesis      ; 00:00:23     ; 1.0                     ; 634 MB              ; 00:00:18                           ;
; Fitter                    ; 00:00:34     ; 2.2                     ; 1042 MB             ; 00:00:42                           ;
; Assembler                 ; 00:00:02     ; 1.0                     ; 447 MB              ; 00:00:02                           ;
; TimeQuest Timing Analyzer ; 00:00:05     ; 1.0                     ; 561 MB              ; 00:00:06                           ;
; Total                     ; 00:01:04     ; --                      ; --                  ; 00:01:08                           ;
+---------------------------+--------------+-------------------------+---------------------+------------------------------------+


+----------------------------------------------------------------------------------------+
; Flow OS Summary                                                                        ;
+---------------------------+------------------+-----------+------------+----------------+
; Module Name               ; Machine Hostname ; OS Name   ; OS Version ; Processor type ;
+---------------------------+------------------+-----------+------------+----------------+
; Analysis & Synthesis      ; e3-11-13         ; Windows 7 ; 6.1        ; x86_64         ;
; Fitter                    ; e3-11-13         ; Windows 7 ; 6.1        ; x86_64         ;
; Assembler                 ; e3-11-13         ; Windows 7 ; 6.1        ; x86_64         ;
; TimeQuest Timing Analyzer ; e3-11-13         ; Windows 7 ; 6.1        ; x86_64         ;
+---------------------------+------------------+-----------+------------+----------------+


------------
; Flow Log ;
------------
quartus_map --read_settings_files=on --write_settings_files=off de0_nano_system -c de0_nano_system
quartus_fit --read_settings_files=off --write_settings_files=off de0_nano_system -c de0_nano_system
quartus_asm --read_settings_files=off --write_settings_files=off de0_nano_system -c de0_nano_system
quartus_sta de0_nano_system -c de0_nano_system



