Analysis & Synthesis report for GestureController
Thu Feb 13 15:45:23 2014
Quartus II 64-Bit Version 12.1 Build 243 01/31/2013 Service Pack 1.33 SJ Full Version


---------------------
; Table of Contents ;
---------------------
  1. Legal Notice
  2. Analysis & Synthesis Summary
  3. Analysis & Synthesis Settings
  4. Parallel Compilation
  5. Analysis & Synthesis Messages



----------------
; Legal Notice ;
----------------
Copyright (C) 1991-2012 Altera Corporation
Your use of Altera Corporation's design tools, logic functions 
and other software and tools, and its AMPP partner logic 
functions, and any output files from any of the foregoing 
(including device programming or simulation files), and any 
associated documentation or information are expressly subject 
to the terms and conditions of the Altera Program License 
Subscription Agreement, Altera MegaCore Function License 
Agreement, or other applicable license agreement, including, 
without limitation, that your use is for the sole purpose of 
programming logic devices manufactured by Altera and sold by 
Altera or its authorized distributors.  Please refer to the 
applicable agreement for further details.



+----------------------------------------------------------------------------------------+
; Analysis & Synthesis Summary                                                           ;
+------------------------------------+---------------------------------------------------+
; Analysis & Synthesis Status        ; Failed - Thu Feb 13 15:45:23 2014                 ;
; Quartus II 64-Bit Version          ; 12.1 Build 243 01/31/2013 SP 1.33 SJ Full Version ;
; Revision Name                      ; GestureController                                 ;
; Top-level Entity Name              ; GestureController                                 ;
; Family                             ; Cyclone IV E                                      ;
; Total logic elements               ; N/A until Partition Merge                         ;
;     Total combinational functions  ; N/A until Partition Merge                         ;
;     Dedicated logic registers      ; N/A until Partition Merge                         ;
; Total registers                    ; N/A until Partition Merge                         ;
; Total pins                         ; N/A until Partition Merge                         ;
; Total virtual pins                 ; N/A until Partition Merge                         ;
; Total memory bits                  ; N/A until Partition Merge                         ;
; Embedded Multiplier 9-bit elements ; N/A until Partition Merge                         ;
; Total PLLs                         ; N/A until Partition Merge                         ;
+------------------------------------+---------------------------------------------------+


+----------------------------------------------------------------------------------------------------------------------+
; Analysis & Synthesis Settings                                                                                        ;
+----------------------------------------------------------------------------+--------------------+--------------------+
; Option                                                                     ; Setting            ; Default Value      ;
+----------------------------------------------------------------------------+--------------------+--------------------+
; Device                                                                     ; EP4CE22F17C6       ;                    ;
; Top-level entity name                                                      ; GestureController  ; GestureController  ;
; Family name                                                                ; Cyclone IV E       ; Cyclone IV GX      ;
; Use smart compilation                                                      ; Off                ; Off                ;
; Enable parallel Assembler and TimeQuest Timing Analyzer during compilation ; On                 ; On                 ;
; Enable compact report table                                                ; Off                ; Off                ;
; Restructure Multiplexers                                                   ; Auto               ; Auto               ;
; Create Debugging Nodes for IP Cores                                        ; Off                ; Off                ;
; Preserve fewer node names                                                  ; On                 ; On                 ;
; Disable OpenCore Plus hardware evaluation                                  ; Off                ; Off                ;
; Verilog Version                                                            ; Verilog_2001       ; Verilog_2001       ;
; VHDL Version                                                               ; VHDL_1993          ; VHDL_1993          ;
; State Machine Processing                                                   ; Auto               ; Auto               ;
; Safe State Machine                                                         ; Off                ; Off                ;
; Extract Verilog State Machines                                             ; On                 ; On                 ;
; Extract VHDL State Machines                                                ; On                 ; On                 ;
; Ignore Verilog initial constructs                                          ; Off                ; Off                ;
; Iteration limit for constant Verilog loops                                 ; 5000               ; 5000               ;
; Iteration limit for non-constant Verilog loops                             ; 250                ; 250                ;
; Add Pass-Through Logic to Inferred RAMs                                    ; On                 ; On                 ;
; Infer RAMs from Raw Logic                                                  ; On                 ; On                 ;
; Parallel Synthesis                                                         ; On                 ; On                 ;
; DSP Block Balancing                                                        ; Auto               ; Auto               ;
; NOT Gate Push-Back                                                         ; On                 ; On                 ;
; Power-Up Don't Care                                                        ; On                 ; On                 ;
; Remove Redundant Logic Cells                                               ; Off                ; Off                ;
; Remove Duplicate Registers                                                 ; On                 ; On                 ;
; Ignore CARRY Buffers                                                       ; Off                ; Off                ;
; Ignore CASCADE Buffers                                                     ; Off                ; Off                ;
; Ignore GLOBAL Buffers                                                      ; Off                ; Off                ;
; Ignore ROW GLOBAL Buffers                                                  ; Off                ; Off                ;
; Ignore LCELL Buffers                                                       ; Off                ; Off                ;
; Ignore SOFT Buffers                                                        ; On                 ; On                 ;
; Limit AHDL Integers to 32 Bits                                             ; Off                ; Off                ;
; Optimization Technique                                                     ; Balanced           ; Balanced           ;
; Carry Chain Length                                                         ; 70                 ; 70                 ;
; Auto Carry Chains                                                          ; On                 ; On                 ;
; Auto Open-Drain Pins                                                       ; On                 ; On                 ;
; Perform WYSIWYG Primitive Resynthesis                                      ; Off                ; Off                ;
; Auto ROM Replacement                                                       ; On                 ; On                 ;
; Auto RAM Replacement                                                       ; On                 ; On                 ;
; Auto DSP Block Replacement                                                 ; On                 ; On                 ;
; Auto Shift Register Replacement                                            ; Auto               ; Auto               ;
; Allow Shift Register Merging across Hierarchies                            ; Auto               ; Auto               ;
; Auto Clock Enable Replacement                                              ; On                 ; On                 ;
; Strict RAM Replacement                                                     ; Off                ; Off                ;
; Allow Synchronous Control Signals                                          ; On                 ; On                 ;
; Force Use of Synchronous Clear Signals                                     ; Off                ; Off                ;
; Auto RAM Block Balancing                                                   ; On                 ; On                 ;
; Auto RAM to Logic Cell Conversion                                          ; Off                ; Off                ;
; Auto Resource Sharing                                                      ; Off                ; Off                ;
; Allow Any RAM Size For Recognition                                         ; Off                ; Off                ;
; Allow Any ROM Size For Recognition                                         ; Off                ; Off                ;
; Allow Any Shift Register Size For Recognition                              ; Off                ; Off                ;
; Use LogicLock Constraints during Resource Balancing                        ; On                 ; On                 ;
; Ignore translate_off and synthesis_off directives                          ; Off                ; Off                ;
; Timing-Driven Synthesis                                                    ; On                 ; On                 ;
; Report Parameter Settings                                                  ; On                 ; On                 ;
; Report Source Assignments                                                  ; On                 ; On                 ;
; Report Connectivity Checks                                                 ; On                 ; On                 ;
; Ignore Maximum Fan-Out Assignments                                         ; Off                ; Off                ;
; Synchronization Register Chain Length                                      ; 2                  ; 2                  ;
; PowerPlay Power Optimization                                               ; Normal compilation ; Normal compilation ;
; HDL message level                                                          ; Level2             ; Level2             ;
; Suppress Register Optimization Related Messages                            ; Off                ; Off                ;
; Number of Removed Registers Reported in Synthesis Report                   ; 5000               ; 5000               ;
; Number of Swept Nodes Reported in Synthesis Report                         ; 5000               ; 5000               ;
; Number of Inverted Registers Reported in Synthesis Report                  ; 100                ; 100                ;
; Clock MUX Protection                                                       ; On                 ; On                 ;
; Auto Gated Clock Conversion                                                ; Off                ; Off                ;
; Block Design Naming                                                        ; Auto               ; Auto               ;
; SDC constraint protection                                                  ; Off                ; Off                ;
; Synthesis Effort                                                           ; Auto               ; Auto               ;
; Shift Register Replacement - Allow Asynchronous Clear Signal               ; On                 ; On                 ;
; Pre-Mapping Resynthesis Optimization                                       ; Off                ; Off                ;
; Analysis & Synthesis Message Level                                         ; Medium             ; Medium             ;
; Disable Register Merging Across Hierarchies                                ; Auto               ; Auto               ;
; Resource Aware Inference For Block RAM                                     ; On                 ; On                 ;
; Synthesis Seed                                                             ; 1                  ; 1                  ;
+----------------------------------------------------------------------------+--------------------+--------------------+


+------------------------------------------+
; Parallel Compilation                     ;
+----------------------------+-------------+
; Processors                 ; Number      ;
+----------------------------+-------------+
; Number detected on machine ; 8           ;
; Maximum allowed            ; 4           ;
;                            ;             ;
; Average used               ; 1.00        ;
; Maximum used               ; 1           ;
;                            ;             ;
; Usage by Processor         ; % Time Used ;
;     1 processor            ; 100.0%      ;
;     2-8 processors         ;   0.0%      ;
+----------------------------+-------------+


+-------------------------------+
; Analysis & Synthesis Messages ;
+-------------------------------+
Info: *******************************************************************
Info: Running Quartus II 64-Bit Analysis & Synthesis
    Info: Version 12.1 Build 243 01/31/2013 Service Pack 1.33 SJ Full Version
    Info: Processing started: Thu Feb 13 15:44:45 2014
Info: Command: quartus_map --read_settings_files=on --write_settings_files=off GestureController -c GestureController
Info (11104): Parallel Compilation has detected 8 hyper-threaded processors. However, the extra hyper-threaded processors will not be used by default. Parallel Compilation will use 4 of the 4 physical processors detected instead.
Info (12248): Elaborating Qsys system entity "niosII_system.qsys"
Info (12250): 2014.02.13.15:44:48 Progress: Loading Group6_Project/niosII_system.qsys
Info (12250): 2014.02.13.15:44:48 Progress: Reading input file
Info (12250): 2014.02.13.15:44:48 Progress: Adding clk_0 [clock_source 12.1]
Info (12250): 2014.02.13.15:44:48 Progress: Parameterizing module clk_0
Info (12250): 2014.02.13.15:44:48 Progress: Adding nios2_cpu [altera_nios2_qsys 12.1]
Info (12250): 2014.02.13.15:44:49 Progress: Parameterizing module nios2_cpu
Info (12250): 2014.02.13.15:44:49 Progress: Adding jtag_uart [altera_avalon_jtag_uart 12.1]
Info (12250): 2014.02.13.15:44:49 Progress: Parameterizing module jtag_uart
Info (12250): 2014.02.13.15:44:49 Progress: Adding sys_clk_timer [altera_avalon_timer 12.1]
Info (12250): 2014.02.13.15:44:49 Progress: Parameterizing module sys_clk_timer
Info (12250): 2014.02.13.15:44:49 Progress: Adding sysid [altera_avalon_sysid_qsys 12.1]
Info (12250): 2014.02.13.15:44:49 Progress: Parameterizing module sysid
Info (12250): 2014.02.13.15:44:49 Progress: Adding green_leds [altera_avalon_pio 12.1]
Info (12250): 2014.02.13.15:44:49 Progress: Parameterizing module green_leds
Info (12250): 2014.02.13.15:44:49 Progress: Adding sdram [altera_avalon_new_sdram_controller 12.1]
Info (12250): 2014.02.13.15:44:49 Progress: Parameterizing module sdram
Info (12250): 2014.02.13.15:44:49 Progress: Building connections
Info (12250): 2014.02.13.15:44:49 Progress: Parameterizing connections
Info (12250): 2014.02.13.15:44:49 Progress: Validating
Info (12250): 2014.02.13.15:44:50 Progress: Done reading input file
Info (12250): NiosII_system.sysid: System ID is not assigned automatically. Edit the System ID parameter to provide a unique ID
Info (12250): NiosII_system.sysid: Time stamp will be automatically updated when this component is generated.
Info (12250): NiosII_system: Generating niosII_system "niosII_system" for QUARTUS_SYNTH
Info (12250): Pipeline_bridge_swap_transform: After transform: 7 modules, 25 connections
Info (12250): No custom instruction connections, skipping transform 
Info (12250): Merlin_translator_transform: After transform: 15 modules, 54 connections
Info (12250): Merlin_domain_transform: After transform: 30 modules, 145 connections
Info (12250): Merlin_router_transform: After transform: 38 modules, 174 connections
Info (12250): Merlin_traffic_limiter_transform: After transform: 40 modules, 184 connections
Info (12250): Merlin_burst_transform: After transform: 41 modules, 188 connections
Info (12250): Reset_adaptation_transform: After transform: 42 modules, 162 connections
Info (12250): Merlin_network_to_switch_transform: After transform: 57 modules, 194 connections
Info (12250): Merlin_width_transform: After transform: 59 modules, 200 connections
Info (12250): Limiter_update_transform: After transform: 59 modules, 202 connections
Info (12250): Merlin_interrupt_mapper_transform: After transform: 60 modules, 205 connections
Info (12250): Nios2_cpu: Starting RTL generation for module 'niosII_system_nios2_cpu'
Info (12250): Nios2_cpu:   Generation command is [exec C:/altera/12.1sp1/quartus/../ip/altera/nios2_ip/altera_nios2/eperl.exe -I C:/altera/12.1sp1/quartus/common/ip/altera/common/perl/5.8.3 -I C:/altera/12.1sp1/quartus/sopc_builder/bin/europa -I C:/altera/12.1sp1/quartus/sopc_builder/bin/perl_lib -I C:/altera/12.1sp1/quartus/sopc_builder/bin -I C:/altera/12.1sp1/quartus/../ip/altera/nios2_ip/altera_nios2/cpu_lib -I C:/altera/12.1sp1/quartus/../ip/altera/nios2_ip/altera_nios2/nios_lib -I C:/altera/12.1sp1/quartus/../ip/altera/nios2_ip/altera_nios2 -I C:/altera/12.1sp1/quartus/../ip/altera/nios2_ip/altera_nios2 -- C:/altera/12.1sp1/quartus/../ip/altera/nios2_ip/altera_nios2/generate_rtl.epl --name=niosII_system_nios2_cpu --dir=C:/Users/grgomez/AppData/Local/Temp/alt6114_2413159233813393153.dir/0001_nios2_cpu_gen/ --quartus_dir=C:/altera/12.1sp1/quartus --verilog --config=C:/Users/grgomez/AppData/Local/Temp/alt6114_2413159233813393153.dir/0001_nios2_cpu_gen//niosII_system_nios2_cpu_processor_configuration.pl  --do_build_sim=0    --bogus  ]
Info (12250): Nios2_cpu: # 2014.02.13 15:44:53 (*) Starting Nios II generation
Info (12250): Nios2_cpu: # 2014.02.13 15:44:53 (*)   Checking for plaintext license.
Info (12250): Nios2_cpu: # 2014.02.13 15:44:53 (*)   Couldn't query license setup in Quartus directory C:/altera/12.1sp1/quartus
Info (12250): Nios2_cpu: # 2014.02.13 15:44:53 (*)   Defaulting to contents of LM_LICENSE_FILE environment variable
Info (12250): Nios2_cpu: # 2014.02.13 15:44:53 (*)   Plaintext license not found.
Info (12250): Nios2_cpu: # 2014.02.13 15:44:53 (*)   Checking for encrypted license (non-evaluation).
Info (12250): Nios2_cpu: # 2014.02.13 15:44:53 (*)   Couldn't query license setup in Quartus directory C:/altera/12.1sp1/quartus
Info (12250): Nios2_cpu: # 2014.02.13 15:44:53 (*)   Defaulting to contents of LM_LICENSE_FILE environment variable
Info (12250): Nios2_cpu: # 2014.02.13 15:44:54 (*)   Encrypted license found.  SOF will not be time-limited.
Info (12250): Nios2_cpu: # 2014.02.13 15:44:54 (*)   Elaborating CPU configuration settings
Info (12250): Nios2_cpu: # 2014.02.13 15:44:54 (*)   Creating all objects for CPU
Info (12250): Nios2_cpu: # 2014.02.13 15:44:54 (*)     Testbench
Info (12250): Nios2_cpu: # 2014.02.13 15:44:54 (*)     Instruction decoding
Info (12250): Nios2_cpu: # 2014.02.13 15:44:54 (*)       Instruction fields
Info (12250): Nios2_cpu: # 2014.02.13 15:44:54 (*)       Instruction decodes
Info (12250): Nios2_cpu: # 2014.02.13 15:44:54 (*)       Signals for RTL simulation waveforms
Info (12250): Nios2_cpu: # 2014.02.13 15:44:54 (*)       Instruction controls
Info (12250): Nios2_cpu: # 2014.02.13 15:44:54 (*)     Pipeline frontend
Info (12250): Nios2_cpu: # 2014.02.13 15:44:55 (*)     Pipeline backend
Info (12250): Nios2_cpu: # 2014.02.13 15:44:57 (*)   Generating RTL from CPU objects
Info (12250): Nios2_cpu: # 2014.02.13 15:45:00 (*)   Creating encrypted RTL
Info (12250): Nios2_cpu: # 2014.02.13 15:45:01 (*) Done Nios II generation
Info (12250): Nios2_cpu: Done RTL generation for module 'niosII_system_nios2_cpu'
Info (12250): Nios2_cpu: "niosII_system" instantiated altera_nios2_qsys "nios2_cpu"
Info (12250): Starting classic module elaboration.
Info (12250): 2014.02.13.15:45:01 cygwin warning:
Info (12250): 2014.02.13.15:45:01   MS-DOS style path detected: C:/altera/12.1sp1/quartus/sopc_builder/bin/nios_sh
Info (12250): 2014.02.13.15:45:01   Preferred POSIX equivalent is: /cygdrive/c/altera/12.1sp1/quartus/sopc_builder/bin/nios_sh
Info (12250): 2014.02.13.15:45:01   CYGWIN environment variable option "nodosfilewarning" turns off this warning.
Info (12250): 2014.02.13.15:45:01   Consult the user's guide for more details about POSIX paths:
Info (12250): 2014.02.13.15:45:01     http://cygwin.com/cygwin-ug-net/using.html#using-pathnames
Info (12250): 2014.02.13.15:45:02 "c:/altera/12.1sp1/quartus/bin/jre/bin/java.exe" -Xmx512M -classpath "c:/altera/12.1sp1/quartus/sopc_builder/bin/sopc_builder.jar;c:/altera/12.1sp1/quartus/sopc_builder/bin/PinAssigner.jar;c:/altera/12.1sp1/quartus/sopc_builder/bin/sopc_wizard.jar;c:/altera/12.1sp1/quartus/sopc_builder/bin/jptf.jar" sopc_builder.sopc_builder  -d"c:/altera/12.1sp1/quartus/sopc_builder" -notalkback=1 -projectnameyysystem.qpf -projectpathC:/Users/grgomez/AppData/Local/Temp/alt6114_2413159233813393153.dir/0002_sopclgen  --no_splash --refresh C:/Users/grgomez/AppData/Local/Temp/alt6114_2413159233813393153.dir/0002_sopclgen/yysystem.v --quartus_dir="c:/altera/12.1sp1/quartus" --sopc_perl="c:/altera/12.1sp1/quartus/bin/perl" --sopc_lib_path="++c:/altera/12.1sp1/quartus/../ip/altera/sopc_builder_ip+c:/altera/12.1sp1/quartus/../ip/altera/nios2_ip"
Info (12250): Finished elaborating classic module.
Info (12250): 2014.02.13.15:45:03 Executing: C:/altera/12.1sp1/quartus//sopc_builder/bin/sopc_builder --classic --generate C:/Users/grgomez/AppData/Local/Temp/alt6114_2413159233813393153.dir/0002_sopclgen/yysystem.ptf
Info (12250): Running sopc_builder...
Info (12250): 2014.02.13.15:45:03 cygwin warning:
Info (12250): 2014.02.13.15:45:03   MS-DOS style path detected: C:/altera/12.1sp1/quartus/sopc_builder/bin/nios_sh
Info (12250): 2014.02.13.15:45:03   Preferred POSIX equivalent is: /cygdrive/c/altera/12.1sp1/quartus/sopc_builder/bin/nios_sh
Info (12250): 2014.02.13.15:45:03   CYGWIN environment variable option "nodosfilewarning" turns off this warning.
Info (12250): 2014.02.13.15:45:03   Consult the user's guide for more details about POSIX paths:
Info (12250): 2014.02.13.15:45:03     http://cygwin.com/cygwin-ug-net/using.html#using-pathnames
Info (12250): 2014.02.13.15:45:04 "c:/altera/12.1sp1/quartus/bin/jre/bin/java.exe" -Xmx512M -classpath "c:/altera/12.1sp1/quartus/sopc_builder/bin/sopc_builder.jar;c:/altera/12.1sp1/quartus/sopc_builder/bin/PinAssigner.jar;c:/altera/12.1sp1/quartus/sopc_builder/bin/sopc_wizard.jar;c:/altera/12.1sp1/quartus/sopc_builder/bin/jptf.jar" sopc_builder.sopc_builder  -d"c:/altera/12.1sp1/quartus/sopc_builder" -notalkback=1 -projectnameyysystem.qpf -projectpathC:/Users/grgomez/AppData/Local/Temp/alt6114_2413159233813393153.dir/0002_sopclgen  --generate C:/Users/grgomez/AppData/Local/Temp/alt6114_2413159233813393153.dir/0002_sopclgen/yysystem.v --quartus_dir="c:/altera/12.1sp1/quartus" --sopc_perl="c:/altera/12.1sp1/quartus/bin/perl" --sopc_lib_path="++c:/altera/12.1sp1/quartus/../ip/altera/sopc_builder_ip+c:/altera/12.1sp1/quartus/../ip/altera/nios2_ip"
Info (12250): 2014.02.13.15:45:05 No .sopc_builder configuration file(!)
Info (12250): 2014.02.13.15:45:05 .
Info (12250): 2014.02.13.15:45:06 # 2014.02.13 15:45:06 (*) Success: sopc_builder finished.
Info (12250): Jtag_uart: "niosII_system" instantiated altera_avalon_jtag_uart "jtag_uart"
Info (12250): Starting classic module elaboration.
Info (12250): 2014.02.13.15:45:06 cygwin warning:
Info (12250): 2014.02.13.15:45:06   MS-DOS style path detected: C:/altera/12.1sp1/quartus/sopc_builder/bin/nios_sh
Info (12250): 2014.02.13.15:45:06   Preferred POSIX equivalent is: /cygdrive/c/altera/12.1sp1/quartus/sopc_builder/bin/nios_sh
Info (12250): 2014.02.13.15:45:06   CYGWIN environment variable option "nodosfilewarning" turns off this warning.
Info (12250): 2014.02.13.15:45:06   Consult the user's guide for more details about POSIX paths:
Info (12250): 2014.02.13.15:45:06     http://cygwin.com/cygwin-ug-net/using.html#using-pathnames
Info (12250): 2014.02.13.15:45:07 "c:/altera/12.1sp1/quartus/bin/jre/bin/java.exe" -Xmx512M -classpath "c:/altera/12.1sp1/quartus/sopc_builder/bin/sopc_builder.jar;c:/altera/12.1sp1/quartus/sopc_builder/bin/PinAssigner.jar;c:/altera/12.1sp1/quartus/sopc_builder/bin/sopc_wizard.jar;c:/altera/12.1sp1/quartus/sopc_builder/bin/jptf.jar" sopc_builder.sopc_builder  -d"c:/altera/12.1sp1/quartus/sopc_builder" -notalkback=1 -projectnameyysystem.qpf -projectpathC:/Users/grgomez/AppData/Local/Temp/alt6114_2413159233813393153.dir/0003_sopclgen  --no_splash --refresh C:/Users/grgomez/AppData/Local/Temp/alt6114_2413159233813393153.dir/0003_sopclgen/yysystem.v --quartus_dir="c:/altera/12.1sp1/quartus" --sopc_perl="c:/altera/12.1sp1/quartus/bin/perl" --sopc_lib_path="++c:/altera/12.1sp1/quartus/../ip/altera/sopc_builder_ip+c:/altera/12.1sp1/quartus/../ip/altera/nios2_ip"
Info (12250): Finished elaborating classic module.
Info (12250): 2014.02.13.15:45:08 Executing: C:/altera/12.1sp1/quartus//sopc_builder/bin/sopc_builder --classic --generate C:/Users/grgomez/AppData/Local/Temp/alt6114_2413159233813393153.dir/0003_sopclgen/yysystem.ptf
Info (12250): Running sopc_builder...
Info (12250): 2014.02.13.15:45:08 cygwin warning:
Info (12250): 2014.02.13.15:45:08   MS-DOS style path detected: C:/altera/12.1sp1/quartus/sopc_builder/bin/nios_sh
Info (12250): 2014.02.13.15:45:08   Preferred POSIX equivalent is: /cygdrive/c/altera/12.1sp1/quartus/sopc_builder/bin/nios_sh
Info (12250): 2014.02.13.15:45:08   CYGWIN environment variable option "nodosfilewarning" turns off this warning.
Info (12250): 2014.02.13.15:45:08   Consult the user's guide for more details about POSIX paths:
Info (12250): 2014.02.13.15:45:08     http://cygwin.com/cygwin-ug-net/using.html#using-pathnames
Info (12250): 2014.02.13.15:45:08 "c:/altera/12.1sp1/quartus/bin/jre/bin/java.exe" -Xmx512M -classpath "c:/altera/12.1sp1/quartus/sopc_builder/bin/sopc_builder.jar;c:/altera/12.1sp1/quartus/sopc_builder/bin/PinAssigner.jar;c:/altera/12.1sp1/quartus/sopc_builder/bin/sopc_wizard.jar;c:/altera/12.1sp1/quartus/sopc_builder/bin/jptf.jar" sopc_builder.sopc_builder  -d"c:/altera/12.1sp1/quartus/sopc_builder" -notalkback=1 -projectnameyysystem.qpf -projectpathC:/Users/grgomez/AppData/Local/Temp/alt6114_2413159233813393153.dir/0003_sopclgen  --generate C:/Users/grgomez/AppData/Local/Temp/alt6114_2413159233813393153.dir/0003_sopclgen/yysystem.v --quartus_dir="c:/altera/12.1sp1/quartus" --sopc_perl="c:/altera/12.1sp1/quartus/bin/perl" --sopc_lib_path="++c:/altera/12.1sp1/quartus/../ip/altera/sopc_builder_ip+c:/altera/12.1sp1/quartus/../ip/altera/nios2_ip"
Info (12250): 2014.02.13.15:45:09 No .sopc_builder configuration file(!)
Info (12250): 2014.02.13.15:45:09 .
Info (12250): 2014.02.13.15:45:10 # 2014.02.13 15:45:10 (*) Success: sopc_builder finished.
Info (12250): Sys_clk_timer: "niosII_system" instantiated altera_avalon_timer "sys_clk_timer"
Info (12250): Sysid: "niosII_system" instantiated altera_avalon_sysid_qsys "sysid"
Info (12250): Starting classic module elaboration.
Info (12250): 2014.02.13.15:45:11 cygwin warning:
Info (12250): 2014.02.13.15:45:11   MS-DOS style path detected: C:/altera/12.1sp1/quartus/sopc_builder/bin/nios_sh
Info (12250): 2014.02.13.15:45:11   Preferred POSIX equivalent is: /cygdrive/c/altera/12.1sp1/quartus/sopc_builder/bin/nios_sh
Info (12250): 2014.02.13.15:45:11   CYGWIN environment variable option "nodosfilewarning" turns off this warning.
Info (12250): 2014.02.13.15:45:11   Consult the user's guide for more details about POSIX paths:
Info (12250): 2014.02.13.15:45:11     http://cygwin.com/cygwin-ug-net/using.html#using-pathnames
Info (12250): 2014.02.13.15:45:11 "c:/altera/12.1sp1/quartus/bin/jre/bin/java.exe" -Xmx512M -classpath "c:/altera/12.1sp1/quartus/sopc_builder/bin/sopc_builder.jar;c:/altera/12.1sp1/quartus/sopc_builder/bin/PinAssigner.jar;c:/altera/12.1sp1/quartus/sopc_builder/bin/sopc_wizard.jar;c:/altera/12.1sp1/quartus/sopc_builder/bin/jptf.jar" sopc_builder.sopc_builder  -d"c:/altera/12.1sp1/quartus/sopc_builder" -notalkback=1 -projectnameyysystem.qpf -projectpathC:/Users/grgomez/AppData/Local/Temp/alt6114_2413159233813393153.dir/0005_sopclgen  --no_splash --refresh C:/Users/grgomez/AppData/Local/Temp/alt6114_2413159233813393153.dir/0005_sopclgen/yysystem.v --quartus_dir="c:/altera/12.1sp1/quartus" --sopc_perl="c:/altera/12.1sp1/quartus/bin/perl" --sopc_lib_path="++c:/altera/12.1sp1/quartus/../ip/altera/sopc_builder_ip+c:/altera/12.1sp1/quartus/../ip/altera/nios2_ip"
Info (12250): Finished elaborating classic module.
Info (12250): 2014.02.13.15:45:12 Executing: C:/altera/12.1sp1/quartus//sopc_builder/bin/sopc_builder --classic --generate C:/Users/grgomez/AppData/Local/Temp/alt6114_2413159233813393153.dir/0005_sopclgen/yysystem.ptf
Info (12250): Running sopc_builder...
Info (12250): 2014.02.13.15:45:12 cygwin warning:
Info (12250): 2014.02.13.15:45:12   MS-DOS style path detected: C:/altera/12.1sp1/quartus/sopc_builder/bin/nios_sh
Info (12250): 2014.02.13.15:45:12   Preferred POSIX equivalent is: /cygdrive/c/altera/12.1sp1/quartus/sopc_builder/bin/nios_sh
Info (12250): 2014.02.13.15:45:12   CYGWIN environment variable option "nodosfilewarning" turns off this warning.
Info (12250): 2014.02.13.15:45:12   Consult the user's guide for more details about POSIX paths:
Info (12250): 2014.02.13.15:45:12     http://cygwin.com/cygwin-ug-net/using.html#using-pathnames
Info (12250): 2014.02.13.15:45:13 "c:/altera/12.1sp1/quartus/bin/jre/bin/java.exe" -Xmx512M -classpath "c:/altera/12.1sp1/quartus/sopc_builder/bin/sopc_builder.jar;c:/altera/12.1sp1/quartus/sopc_builder/bin/PinAssigner.jar;c:/altera/12.1sp1/quartus/sopc_builder/bin/sopc_wizard.jar;c:/altera/12.1sp1/quartus/sopc_builder/bin/jptf.jar" sopc_builder.sopc_builder  -d"c:/altera/12.1sp1/quartus/sopc_builder" -notalkback=1 -projectnameyysystem.qpf -projectpathC:/Users/grgomez/AppData/Local/Temp/alt6114_2413159233813393153.dir/0005_sopclgen  --generate C:/Users/grgomez/AppData/Local/Temp/alt6114_2413159233813393153.dir/0005_sopclgen/yysystem.v --quartus_dir="c:/altera/12.1sp1/quartus" --sopc_perl="c:/altera/12.1sp1/quartus/bin/perl" --sopc_lib_path="++c:/altera/12.1sp1/quartus/../ip/altera/sopc_builder_ip+c:/altera/12.1sp1/quartus/../ip/altera/nios2_ip"
Info (12250): 2014.02.13.15:45:14 No .sopc_builder configuration file(!)
Info (12250): 2014.02.13.15:45:14 .
Info (12250): 2014.02.13.15:45:14 # 2014.02.13 15:45:14 (*) Success: sopc_builder finished.
Info (12250): Green_leds: "niosII_system" instantiated altera_avalon_pio "green_leds"
Info (12250): Starting classic module elaboration.
Info (12250): 2014.02.13.15:45:15 cygwin warning:
Info (12250): 2014.02.13.15:45:15   MS-DOS style path detected: C:/altera/12.1sp1/quartus/sopc_builder/bin/nios_sh
Info (12250): 2014.02.13.15:45:15   Preferred POSIX equivalent is: /cygdrive/c/altera/12.1sp1/quartus/sopc_builder/bin/nios_sh
Info (12250): 2014.02.13.15:45:15   CYGWIN environment variable option "nodosfilewarning" turns off this warning.
Info (12250): 2014.02.13.15:45:15   Consult the user's guide for more details about POSIX paths:
Info (12250): 2014.02.13.15:45:15     http://cygwin.com/cygwin-ug-net/using.html#using-pathnames
Info (12250): 2014.02.13.15:45:16 "c:/altera/12.1sp1/quartus/bin/jre/bin/java.exe" -Xmx512M -classpath "c:/altera/12.1sp1/quartus/sopc_builder/bin/sopc_builder.jar;c:/altera/12.1sp1/quartus/sopc_builder/bin/PinAssigner.jar;c:/altera/12.1sp1/quartus/sopc_builder/bin/sopc_wizard.jar;c:/altera/12.1sp1/quartus/sopc_builder/bin/jptf.jar" sopc_builder.sopc_builder  -d"c:/altera/12.1sp1/quartus/sopc_builder" -notalkback=1 -projectnameyysystem.qpf -projectpathC:/Users/grgomez/AppData/Local/Temp/alt6114_2413159233813393153.dir/0006_sopclgen  --no_splash --refresh C:/Users/grgomez/AppData/Local/Temp/alt6114_2413159233813393153.dir/0006_sopclgen/yysystem.v --quartus_dir="c:/altera/12.1sp1/quartus" --sopc_perl="c:/altera/12.1sp1/quartus/bin/perl" --sopc_lib_path="++c:/altera/12.1sp1/quartus/../ip/altera/sopc_builder_ip+c:/altera/12.1sp1/quartus/../ip/altera/nios2_ip"
Info (12250): Finished elaborating classic module.
Info (12250): 2014.02.13.15:45:17 Executing: C:/altera/12.1sp1/quartus//sopc_builder/bin/sopc_builder --classic --generate C:/Users/grgomez/AppData/Local/Temp/alt6114_2413159233813393153.dir/0006_sopclgen/yysystem.ptf
Info (12250): Running sopc_builder...
Info (12250): 2014.02.13.15:45:17 cygwin warning:
Info (12250): 2014.02.13.15:45:17   MS-DOS style path detected: C:/altera/12.1sp1/quartus/sopc_builder/bin/nios_sh
Info (12250): 2014.02.13.15:45:17   Preferred POSIX equivalent is: /cygdrive/c/altera/12.1sp1/quartus/sopc_builder/bin/nios_sh
Info (12250): 2014.02.13.15:45:17   CYGWIN environment variable option "nodosfilewarning" turns off this warning.
Info (12250): 2014.02.13.15:45:17   Consult the user's guide for more details about POSIX paths:
Info (12250): 2014.02.13.15:45:17     http://cygwin.com/cygwin-ug-net/using.html#using-pathnames
Info (12250): 2014.02.13.15:45:17 "c:/altera/12.1sp1/quartus/bin/jre/bin/java.exe" -Xmx512M -classpath "c:/altera/12.1sp1/quartus/sopc_builder/bin/sopc_builder.jar;c:/altera/12.1sp1/quartus/sopc_builder/bin/PinAssigner.jar;c:/altera/12.1sp1/quartus/sopc_builder/bin/sopc_wizard.jar;c:/altera/12.1sp1/quartus/sopc_builder/bin/jptf.jar" sopc_builder.sopc_builder  -d"c:/altera/12.1sp1/quartus/sopc_builder" -notalkback=1 -projectnameyysystem.qpf -projectpathC:/Users/grgomez/AppData/Local/Temp/alt6114_2413159233813393153.dir/0006_sopclgen  --generate C:/Users/grgomez/AppData/Local/Temp/alt6114_2413159233813393153.dir/0006_sopclgen/yysystem.v --quartus_dir="c:/altera/12.1sp1/quartus" --sopc_perl="c:/altera/12.1sp1/quartus/bin/perl" --sopc_lib_path="++c:/altera/12.1sp1/quartus/../ip/altera/sopc_builder_ip+c:/altera/12.1sp1/quartus/../ip/altera/nios2_ip"
Info (12250): 2014.02.13.15:45:18 No .sopc_builder configuration file(!)
Info (12250): 2014.02.13.15:45:19 .
Info (12250): 2014.02.13.15:45:19 .
Info (12250): 2014.02.13.15:45:19 # 2014.02.13 15:45:19 (*) Running Test Generator Program for niosII_system_sdram
Info (12250): 2014.02.13.15:45:20 # 2014.02.13 15:45:20 (*) Success: sopc_builder finished.
Info (12250): Sdram: "niosII_system" instantiated altera_avalon_new_sdram_controller "sdram"
Info (12250): Nios2_cpu_data_master_translator: "niosII_system" instantiated altera_merlin_master_translator "nios2_cpu_data_master_translator"
Info (12250): Nios2_cpu_jtag_debug_module_translator: "niosII_system" instantiated altera_merlin_slave_translator "nios2_cpu_jtag_debug_module_translator"
Info (12250): Nios2_cpu_data_master_translator_avalon_universal_master_0_agent: "niosII_system" instantiated altera_merlin_master_agent "nios2_cpu_data_master_translator_avalon_universal_master_0_agent"
Info (12250): Nios2_cpu_jtag_debug_module_translator_avalon_universal_slave_0_agent: "niosII_system" instantiated altera_merlin_slave_agent "nios2_cpu_jtag_debug_module_translator_avalon_universal_slave_0_agent"
Info (12250): Nios2_cpu_jtag_debug_module_translator_avalon_universal_slave_0_agent_rsp_fifo: "niosII_system" instantiated altera_avalon_sc_fifo "nios2_cpu_jtag_debug_module_translator_avalon_universal_slave_0_agent_rsp_fifo"
Info (12250): Addr_router: "niosII_system" instantiated altera_merlin_router "addr_router"
Info (12250): Addr_router_001: "niosII_system" instantiated altera_merlin_router "addr_router_001"
Info (12250): Id_router: "niosII_system" instantiated altera_merlin_router "id_router"
Info (12250): Id_router_001: "niosII_system" instantiated altera_merlin_router "id_router_001"
Info (12250): Id_router_005: "niosII_system" instantiated altera_merlin_router "id_router_005"
Info (12250): Limiter: "niosII_system" instantiated altera_merlin_traffic_limiter "limiter"
Info (12250): Burst_adapter: "niosII_system" instantiated altera_merlin_burst_adapter "burst_adapter"
Info (12250): Rst_controller: "niosII_system" instantiated altera_reset_controller "rst_controller"
Info (12250): Cmd_xbar_demux: "niosII_system" instantiated altera_merlin_demultiplexer "cmd_xbar_demux"
Info (12250): Cmd_xbar_demux_001: "niosII_system" instantiated altera_merlin_demultiplexer "cmd_xbar_demux_001"
Info (12250): Cmd_xbar_mux: "niosII_system" instantiated altera_merlin_multiplexer "cmd_xbar_mux"
Info (12250): Rsp_xbar_demux: "niosII_system" instantiated altera_merlin_demultiplexer "rsp_xbar_demux"
Info (12250): Rsp_xbar_demux_001: "niosII_system" instantiated altera_merlin_demultiplexer "rsp_xbar_demux_001"
Info (12250): Rsp_xbar_mux: "niosII_system" instantiated altera_merlin_multiplexer "rsp_xbar_mux"
Info (12250): Reusing file C:/Users/grgomez/Desktop/ECE492/Group6_Project/db/ip/niosII_system/submodules/altera_merlin_arbitrator.sv
Info (12250): Rsp_xbar_mux_001: "niosII_system" instantiated altera_merlin_multiplexer "rsp_xbar_mux_001"
Info (12250): Reusing file C:/Users/grgomez/Desktop/ECE492/Group6_Project/db/ip/niosII_system/submodules/altera_merlin_arbitrator.sv
Info (12250): Width_adapter: "niosII_system" instantiated altera_merlin_width_adapter "width_adapter"
Info (12250): Reusing file C:/Users/grgomez/Desktop/ECE492/Group6_Project/db/ip/niosII_system/submodules/altera_merlin_burst_uncompressor.sv
Info (12250): Reusing file C:/Users/grgomez/Desktop/ECE492/Group6_Project/db/ip/niosII_system/submodules/altera_merlin_address_alignment.sv
Info (12250): Irq_mapper: "niosII_system" instantiated altera_irq_mapper "irq_mapper"
Info (12250): NiosII_system: Done niosII_system" with 29 modules, 88 files, 1840002 bytes
Info (12249): Finished elaborating Qsys system entity "niosII_system.qsys"
Info (12021): Found 2 design units, including 1 entities, in source file gesturecontroller.vhd
    Info (12022): Found design unit 1: GestureController-structure
    Info (12023): Found entity 1: GestureController
Info (12021): Found 1 design units, including 0 entities, in source file de0_constants.vhd
    Info (12022): Found design unit 1: DE0_CONSTANTS
Info (12021): Found 2 design units, including 1 entities, in source file pll_sys.vhd
    Info (12022): Found design unit 1: pll_sys-SYN
    Info (12023): Found entity 1: pll_sys
Info (12021): Found 1 design units, including 1 entities, in source file db/ip/niosii_system/niosii_system.v
    Info (12023): Found entity 1: niosII_system
Info (12021): Found 1 design units, including 1 entities, in source file db/ip/niosii_system/submodules/altera_avalon_sc_fifo.v
    Info (12023): Found entity 1: altera_avalon_sc_fifo
Info (12021): Found 1 design units, including 1 entities, in source file db/ip/niosii_system/submodules/altera_avalon_st_pipeline_base.v
    Info (12023): Found entity 1: altera_avalon_st_pipeline_base
Info (12021): Found 1 design units, including 1 entities, in source file db/ip/niosii_system/submodules/altera_merlin_address_alignment.sv
    Info (12023): Found entity 1: altera_merlin_address_alignment
Info (12021): Found 2 design units, including 2 entities, in source file db/ip/niosii_system/submodules/altera_merlin_arbitrator.sv
    Info (12023): Found entity 1: altera_merlin_arbitrator
    Info (12023): Found entity 2: altera_merlin_arb_adder
Info (12021): Found 7 design units, including 7 entities, in source file db/ip/niosii_system/submodules/altera_merlin_burst_adapter.sv
    Info (12023): Found entity 1: altera_merlin_burst_adapter_burstwrap_increment
    Info (12023): Found entity 2: altera_merlin_burst_adapter_adder
    Info (12023): Found entity 3: altera_merlin_burst_adapter_subtractor
    Info (12023): Found entity 4: altera_merlin_burst_adapter_min
    Info (12023): Found entity 5: altera_merlin_burst_adapter
    Info (12023): Found entity 6: altera_merlin_burst_adapter_uncompressed_only
    Info (12023): Found entity 7: altera_merlin_burst_adapter_full
Info (12021): Found 1 design units, including 1 entities, in source file db/ip/niosii_system/submodules/altera_merlin_burst_uncompressor.sv
    Info (12023): Found entity 1: altera_merlin_burst_uncompressor
Info (12021): Found 1 design units, including 1 entities, in source file db/ip/niosii_system/submodules/altera_merlin_master_agent.sv
    Info (12023): Found entity 1: altera_merlin_master_agent
Info (12021): Found 1 design units, including 1 entities, in source file db/ip/niosii_system/submodules/altera_merlin_master_translator.sv
    Info (12023): Found entity 1: altera_merlin_master_translator
Info (12021): Found 1 design units, including 1 entities, in source file db/ip/niosii_system/submodules/altera_merlin_slave_agent.sv
    Info (12023): Found entity 1: altera_merlin_slave_agent
Info (12021): Found 1 design units, including 1 entities, in source file db/ip/niosii_system/submodules/altera_merlin_slave_translator.sv
    Info (12023): Found entity 1: altera_merlin_slave_translator
Info (12021): Found 1 design units, including 1 entities, in source file db/ip/niosii_system/submodules/altera_merlin_traffic_limiter.sv
    Info (12023): Found entity 1: altera_merlin_traffic_limiter
Info (12021): Found 1 design units, including 1 entities, in source file db/ip/niosii_system/submodules/altera_merlin_width_adapter.sv
    Info (12023): Found entity 1: altera_merlin_width_adapter
Info (12021): Found 1 design units, including 1 entities, in source file db/ip/niosii_system/submodules/altera_reset_controller.v
    Info (12023): Found entity 1: altera_reset_controller
Info (12021): Found 1 design units, including 1 entities, in source file db/ip/niosii_system/submodules/altera_reset_synchronizer.v
    Info (12023): Found entity 1: altera_reset_synchronizer
Info (12021): Found 2 design units, including 2 entities, in source file db/ip/niosii_system/submodules/niosii_system_addr_router.sv
    Info (12023): Found entity 1: niosII_system_addr_router_default_decode
    Info (12023): Found entity 2: niosII_system_addr_router
Info (12021): Found 2 design units, including 2 entities, in source file db/ip/niosii_system/submodules/niosii_system_addr_router_001.sv
    Info (12023): Found entity 1: niosII_system_addr_router_001_default_decode
    Info (12023): Found entity 2: niosII_system_addr_router_001
Info (12021): Found 1 design units, including 1 entities, in source file db/ip/niosii_system/submodules/niosii_system_cmd_xbar_demux.sv
    Info (12023): Found entity 1: niosII_system_cmd_xbar_demux
Info (12021): Found 1 design units, including 1 entities, in source file db/ip/niosii_system/submodules/niosii_system_cmd_xbar_demux_001.sv
    Info (12023): Found entity 1: niosII_system_cmd_xbar_demux_001
Info (12021): Found 1 design units, including 1 entities, in source file db/ip/niosii_system/submodules/niosii_system_cmd_xbar_mux.sv
    Info (12023): Found entity 1: niosII_system_cmd_xbar_mux
Info (12021): Found 1 design units, including 1 entities, in source file db/ip/niosii_system/submodules/niosii_system_green_leds.v
    Info (12023): Found entity 1: niosII_system_green_leds
Info (12021): Found 2 design units, including 2 entities, in source file db/ip/niosii_system/submodules/niosii_system_id_router.sv
    Info (12023): Found entity 1: niosII_system_id_router_default_decode
    Info (12023): Found entity 2: niosII_system_id_router
Info (12021): Found 2 design units, including 2 entities, in source file db/ip/niosii_system/submodules/niosii_system_id_router_001.sv
    Info (12023): Found entity 1: niosII_system_id_router_001_default_decode
    Info (12023): Found entity 2: niosII_system_id_router_001
Info (12021): Found 2 design units, including 2 entities, in source file db/ip/niosii_system/submodules/niosii_system_id_router_005.sv
    Info (12023): Found entity 1: niosII_system_id_router_005_default_decode
    Info (12023): Found entity 2: niosII_system_id_router_005
Info (12021): Found 1 design units, including 1 entities, in source file db/ip/niosii_system/submodules/niosii_system_irq_mapper.sv
    Info (12023): Found entity 1: niosII_system_irq_mapper
Info (12021): Found 7 design units, including 7 entities, in source file db/ip/niosii_system/submodules/niosii_system_jtag_uart.v
    Info (12023): Found entity 1: niosII_system_jtag_uart_log_module
    Info (12023): Found entity 2: niosII_system_jtag_uart_sim_scfifo_w
    Info (12023): Found entity 3: niosII_system_jtag_uart_scfifo_w
    Info (12023): Found entity 4: niosII_system_jtag_uart_drom_module
    Info (12023): Found entity 5: niosII_system_jtag_uart_sim_scfifo_r
    Info (12023): Found entity 6: niosII_system_jtag_uart_scfifo_r
    Info (12023): Found entity 7: niosII_system_jtag_uart
Info (12021): Found 28 design units, including 28 entities, in source file db/ip/niosii_system/submodules/niosii_system_nios2_cpu.v
    Info (12023): Found entity 1: niosII_system_nios2_cpu_ic_data_module
    Info (12023): Found entity 2: niosII_system_nios2_cpu_ic_tag_module
    Info (12023): Found entity 3: niosII_system_nios2_cpu_bht_module
    Info (12023): Found entity 4: niosII_system_nios2_cpu_register_bank_a_module
    Info (12023): Found entity 5: niosII_system_nios2_cpu_register_bank_b_module
    Info (12023): Found entity 6: niosII_system_nios2_cpu_dc_tag_module
    Info (12023): Found entity 7: niosII_system_nios2_cpu_dc_data_module
    Info (12023): Found entity 8: niosII_system_nios2_cpu_dc_victim_module
    Info (12023): Found entity 9: niosII_system_nios2_cpu_nios2_oci_debug
    Info (12023): Found entity 10: niosII_system_nios2_cpu_ociram_lpm_dram_bdp_component_module
    Info (12023): Found entity 11: niosII_system_nios2_cpu_nios2_ocimem
    Info (12023): Found entity 12: niosII_system_nios2_cpu_nios2_avalon_reg
    Info (12023): Found entity 13: niosII_system_nios2_cpu_nios2_oci_break
    Info (12023): Found entity 14: niosII_system_nios2_cpu_nios2_oci_xbrk
    Info (12023): Found entity 15: niosII_system_nios2_cpu_nios2_oci_dbrk
    Info (12023): Found entity 16: niosII_system_nios2_cpu_nios2_oci_itrace
    Info (12023): Found entity 17: niosII_system_nios2_cpu_nios2_oci_td_mode
    Info (12023): Found entity 18: niosII_system_nios2_cpu_nios2_oci_dtrace
    Info (12023): Found entity 19: niosII_system_nios2_cpu_nios2_oci_compute_tm_count
    Info (12023): Found entity 20: niosII_system_nios2_cpu_nios2_oci_fifowp_inc
    Info (12023): Found entity 21: niosII_system_nios2_cpu_nios2_oci_fifocount_inc
    Info (12023): Found entity 22: niosII_system_nios2_cpu_nios2_oci_fifo
    Info (12023): Found entity 23: niosII_system_nios2_cpu_nios2_oci_pib
    Info (12023): Found entity 24: niosII_system_nios2_cpu_traceram_lpm_dram_bdp_component_module
    Info (12023): Found entity 25: niosII_system_nios2_cpu_nios2_oci_im
    Info (12023): Found entity 26: niosII_system_nios2_cpu_nios2_performance_monitors
    Info (12023): Found entity 27: niosII_system_nios2_cpu_nios2_oci
    Info (12023): Found entity 28: niosII_system_nios2_cpu
Info (12021): Found 1 design units, including 1 entities, in source file db/ip/niosii_system/submodules/niosii_system_nios2_cpu_jtag_debug_module_sysclk.v
    Info (12023): Found entity 1: niosII_system_nios2_cpu_jtag_debug_module_sysclk
Info (12021): Found 1 design units, including 1 entities, in source file db/ip/niosii_system/submodules/niosii_system_nios2_cpu_jtag_debug_module_tck.v
    Info (12023): Found entity 1: niosII_system_nios2_cpu_jtag_debug_module_tck
Info (12021): Found 1 design units, including 1 entities, in source file db/ip/niosii_system/submodules/niosii_system_nios2_cpu_jtag_debug_module_wrapper.v
    Info (12023): Found entity 1: niosII_system_nios2_cpu_jtag_debug_module_wrapper
Info (12021): Found 1 design units, including 1 entities, in source file db/ip/niosii_system/submodules/niosii_system_nios2_cpu_mult_cell.v
    Info (12023): Found entity 1: niosII_system_nios2_cpu_mult_cell
Info (12021): Found 1 design units, including 1 entities, in source file db/ip/niosii_system/submodules/niosii_system_nios2_cpu_oci_test_bench.v
    Info (12023): Found entity 1: niosII_system_nios2_cpu_oci_test_bench
Info (12021): Found 1 design units, including 1 entities, in source file db/ip/niosii_system/submodules/niosii_system_nios2_cpu_test_bench.v
    Info (12023): Found entity 1: niosII_system_nios2_cpu_test_bench
Info (12021): Found 1 design units, including 1 entities, in source file db/ip/niosii_system/submodules/niosii_system_rsp_xbar_demux.sv
    Info (12023): Found entity 1: niosII_system_rsp_xbar_demux
Info (12021): Found 1 design units, including 1 entities, in source file db/ip/niosii_system/submodules/niosii_system_rsp_xbar_demux_001.sv
    Info (12023): Found entity 1: niosII_system_rsp_xbar_demux_001
Info (12021): Found 1 design units, including 1 entities, in source file db/ip/niosii_system/submodules/niosii_system_rsp_xbar_mux.sv
    Info (12023): Found entity 1: niosII_system_rsp_xbar_mux
Info (12021): Found 1 design units, including 1 entities, in source file db/ip/niosii_system/submodules/niosii_system_rsp_xbar_mux_001.sv
    Info (12023): Found entity 1: niosII_system_rsp_xbar_mux_001
Info (12021): Found 2 design units, including 2 entities, in source file db/ip/niosii_system/submodules/niosii_system_sdram.v
    Info (12023): Found entity 1: niosII_system_sdram_input_efifo_module
    Info (12023): Found entity 2: niosII_system_sdram
Info (12021): Found 1 design units, including 1 entities, in source file db/ip/niosii_system/submodules/niosii_system_sys_clk_timer.v
    Info (12023): Found entity 1: niosII_system_sys_clk_timer
Info (12021): Found 1 design units, including 1 entities, in source file db/ip/niosii_system/submodules/niosii_system_sysid.v
    Info (12023): Found entity 1: niosII_system_sysid
Error (10465): VHDL error at GestureController.vhd(71): name "DRAM_dqm" cannot be used because it is already used for a previously declared item File: C:/Users/grgomez/Desktop/ECE492/Group6_Project/GestureController.vhd Line: 71
Error: Quartus II 64-Bit Analysis & Synthesis was unsuccessful. 1 error, 0 warnings
    Error: Peak virtual memory: 520 megabytes
    Error: Processing ended: Thu Feb 13 15:45:23 2014
    Error: Elapsed time: 00:00:38
    Error: Total CPU time (on all processors): 00:00:20


