Info: Starting: Create block symbol file (.bsf)
Info: ip-generate --project-directory=C:/Users/grgomez/Desktop/ECE492/Group6_Project/ --output-directory=C:/Users/grgomez/Desktop/ECE492/Group6_Project/GestureController/ --report-file=bsf:C:/Users/grgomez/Desktop/ECE492/Group6_Project/GestureController.bsf --system-info=DEVICE_FAMILY="Cyclone IV E" --system-info=DEVICE=EP4CE22F17C6 --system-info=DEVICE_SPEEDGRADE=6 --component-file=C:/Users/grgomez/Desktop/ECE492/Group6_Project/GestureController.qsys
Progress: Loading Group6_Project/GestureController.qsys
Progress: Reading input file
Progress: Adding clk_0 [clock_source 12.1]
Progress: Parameterizing module clk_0
Progress: Adding nios2_qsys_0 [altera_nios2_qsys 12.1]
Progress: Parameterizing module nios2_qsys_0
Progress: Adding pio_0 [altera_avalon_pio 12.1]
Progress: Parameterizing module pio_0
Progress: Adding pio_1 [altera_avalon_pio 12.1]
Progress: Parameterizing module pio_1
Progress: Building connections
Progress: Parameterizing connections
Progress: Validating
Progress: Done reading input file
Info: GestureController.pio_0: PIO inputs are not hardwired in test bench. Undefined values will be read from PIO inputs during simulation.
Info: ip-generate succeeded.
Info: Finished: Create block symbol file (.bsf)
Info: 
Info: Starting: Create HDL design files for synthesis
Info: ip-generate --project-directory=C:/Users/grgomez/Desktop/ECE492/Group6_Project/ --output-directory=C:/Users/grgomez/Desktop/ECE492/Group6_Project/GestureController/synthesis/ --file-set=QUARTUS_SYNTH --report-file=sopcinfo:C:/Users/grgomez/Desktop/ECE492/Group6_Project/GestureController.sopcinfo --report-file=html:C:/Users/grgomez/Desktop/ECE492/Group6_Project/GestureController.html --report-file=qip:C:/Users/grgomez/Desktop/ECE492/Group6_Project/GestureController/synthesis/GestureController.qip --report-file=cmp:C:/Users/grgomez/Desktop/ECE492/Group6_Project/GestureController.cmp --system-info=DEVICE_FAMILY="Cyclone IV E" --system-info=DEVICE=EP4CE22F17C6 --system-info=DEVICE_SPEEDGRADE=6 --component-file=C:/Users/grgomez/Desktop/ECE492/Group6_Project/GestureController.qsys
Progress: Loading Group6_Project/GestureController.qsys
Progress: Reading input file
Progress: Adding clk_0 [clock_source 12.1]
Progress: Parameterizing module clk_0
Progress: Adding nios2_qsys_0 [altera_nios2_qsys 12.1]
Progress: Parameterizing module nios2_qsys_0
Progress: Adding pio_0 [altera_avalon_pio 12.1]
Progress: Parameterizing module pio_0
Progress: Adding pio_1 [altera_avalon_pio 12.1]
Progress: Parameterizing module pio_1
Progress: Building connections
Progress: Parameterizing connections
Progress: Validating
Progress: Done reading input file
Info: GestureController.pio_0: PIO inputs are not hardwired in test bench. Undefined values will be read from PIO inputs during simulation.
Info: GestureController: Generating GestureController "GestureController" for QUARTUS_SYNTH
Info: pipeline_bridge_swap_transform: After transform: 4 modules, 15 connections
Info: No custom instruction connections, skipping transform 
Info: merlin_translator_transform: After transform: 9 modules, 35 connections
Info: merlin_domain_transform: After transform: 18 modules, 93 connections
Info: merlin_router_transform: After transform: 23 modules, 113 connections
Info: reset_adaptation_transform: After transform: 24 modules, 90 connections
Info: merlin_network_to_switch_transform: After transform: 33 modules, 110 connections
Info: merlin_interrupt_mapper_transform: After transform: 34 modules, 113 connections
Info: nios2_qsys_0: Starting RTL generation for module 'GestureController_nios2_qsys_0'
Info: nios2_qsys_0:   Generation command is [exec C:/altera/12.1sp1/quartus/../ip/altera/nios2_ip/altera_nios2/eperl.exe -I C:/altera/12.1sp1/quartus/common/ip/altera/common/perl/5.8.3 -I C:/altera/12.1sp1/quartus/sopc_builder/bin/europa -I C:/altera/12.1sp1/quartus/sopc_builder/bin/perl_lib -I C:/altera/12.1sp1/quartus/sopc_builder/bin -I C:/altera/12.1sp1/quartus/../ip/altera/nios2_ip/altera_nios2/cpu_lib -I C:/altera/12.1sp1/quartus/../ip/altera/nios2_ip/altera_nios2/nios_lib -I C:/altera/12.1sp1/quartus/../ip/altera/nios2_ip/altera_nios2 -I C:/altera/12.1sp1/quartus/../ip/altera/nios2_ip/altera_nios2 -- C:/altera/12.1sp1/quartus/../ip/altera/nios2_ip/altera_nios2/generate_rtl.epl --name=GestureController_nios2_qsys_0 --dir=C:/Users/grgomez/AppData/Local/Temp/alt6112_3061919952388108804.dir/0001_nios2_qsys_0_gen/ --quartus_dir=C:/altera/12.1sp1/quartus --verilog --config=C:/Users/grgomez/AppData/Local/Temp/alt6112_3061919952388108804.dir/0001_nios2_qsys_0_gen//GestureController_nios2_qsys_0_processor_configuration.pl  --do_build_sim=0    --bogus  ]
Info: nios2_qsys_0: # 2014.02.11 09:58:25 (*) Starting Nios II generation
Info: nios2_qsys_0: # 2014.02.11 09:58:25 (*)   Checking for plaintext license.
Info: nios2_qsys_0: # 2014.02.11 09:58:25 (*)   Couldn't query license setup in Quartus directory C:/altera/12.1sp1/quartus
Info: nios2_qsys_0: # 2014.02.11 09:58:25 (*)   Defaulting to contents of LM_LICENSE_FILE environment variable
Info: nios2_qsys_0: # 2014.02.11 09:58:25 (*)   Plaintext license not found.
Info: nios2_qsys_0: # 2014.02.11 09:58:25 (*)   No license required to generate encrypted Nios II/e.
Info: nios2_qsys_0: # 2014.02.11 09:58:25 (*)   Elaborating CPU configuration settings
Info: nios2_qsys_0: # 2014.02.11 09:58:25 (*)   Creating all objects for CPU
Info: nios2_qsys_0: # 2014.02.11 09:58:26 (*)   Generating RTL from CPU objects
Info: nios2_qsys_0: # 2014.02.11 09:58:26 (*)   Creating plain-text RTL
Info: nios2_qsys_0: # 2014.02.11 09:58:29 (*) Done Nios II generation
Info: nios2_qsys_0: Done RTL generation for module 'GestureController_nios2_qsys_0'
Info: nios2_qsys_0: "GestureController" instantiated altera_nios2_qsys "nios2_qsys_0"
Info: Starting classic module elaboration.
cygwin warning:
  MS-DOS style path detected: C:/altera/12.1sp1/quartus/sopc_builder/bin/nios_sh
  Preferred POSIX equivalent is: /cygdrive/c/altera/12.1sp1/quartus/sopc_builder/bin/nios_sh
  CYGWIN environment variable option "nodosfilewarning" turns off this warning.
  Consult the user's guide for more details about POSIX paths:
    http://cygwin.com/cygwin-ug-net/using.html#using-pathnames
"c:/altera/12.1sp1/quartus/bin/jre/bin/java.exe" -Xmx512M -classpath "c:/altera/12.1sp1/quartus/sopc_builder/bin/sopc_builder.jar;c:/altera/12.1sp1/quartus/sopc_builder/bin/PinAssigner.jar;c:/altera/12.1sp1/quartus/sopc_builder/bin/sopc_wizard.jar;c:/altera/12.1sp1/quartus/sopc_builder/bin/jptf.jar" sopc_builder.sopc_builder  -d"c:/altera/12.1sp1/quartus/sopc_builder" -notalkback=1 -projectnameyysystem.qpf -projectpathC:/Users/grgomez/AppData/Local/Temp/alt6112_3061919952388108804.dir/0002_sopclgen  --no_splash --refresh C:/Users/grgomez/AppData/Local/Temp/alt6112_3061919952388108804.dir/0002_sopclgen/yysystem.v --quartus_dir="c:/altera/12.1sp1/quartus" --sopc_perl="c:/altera/12.1sp1/quartus/bin/perl" --sopc_lib_path="++c:/altera/12.1sp1/quartus/../ip/altera/sopc_builder_ip+c:/altera/12.1sp1/quartus/../ip/altera/nios2_ip"
Info: Finished elaborating classic module.
Executing: C:/altera/12.1sp1/quartus//sopc_builder/bin/sopc_builder --classic --generate C:/Users/grgomez/AppData/Local/Temp/alt6112_3061919952388108804.dir/0002_sopclgen/yysystem.ptf
Info: Running sopc_builder...
cygwin warning:
  MS-DOS style path detected: C:/altera/12.1sp1/quartus/sopc_builder/bin/nios_sh
  Preferred POSIX equivalent is: /cygdrive/c/altera/12.1sp1/quartus/sopc_builder/bin/nios_sh
  CYGWIN environment variable option "nodosfilewarning" turns off this warning.
  Consult the user's guide for more details about POSIX paths:
    http://cygwin.com/cygwin-ug-net/using.html#using-pathnames
"c:/altera/12.1sp1/quartus/bin/jre/bin/java.exe" -Xmx512M -classpath "c:/altera/12.1sp1/quartus/sopc_builder/bin/sopc_builder.jar;c:/altera/12.1sp1/quartus/sopc_builder/bin/PinAssigner.jar;c:/altera/12.1sp1/quartus/sopc_builder/bin/sopc_wizard.jar;c:/altera/12.1sp1/quartus/sopc_builder/bin/jptf.jar" sopc_builder.sopc_builder  -d"c:/altera/12.1sp1/quartus/sopc_builder" -notalkback=1 -projectnameyysystem.qpf -projectpathC:/Users/grgomez/AppData/Local/Temp/alt6112_3061919952388108804.dir/0002_sopclgen  --generate C:/Users/grgomez/AppData/Local/Temp/alt6112_3061919952388108804.dir/0002_sopclgen/yysystem.v --quartus_dir="c:/altera/12.1sp1/quartus" --sopc_perl="c:/altera/12.1sp1/quartus/bin/perl" --sopc_lib_path="++c:/altera/12.1sp1/quartus/../ip/altera/sopc_builder_ip+c:/altera/12.1sp1/quartus/../ip/altera/nios2_ip"
No .sopc_builder configuration file(!)
.
# 2014.02.11 09:58:34 (*) Success: sopc_builder finished.
Info: pio_0: "GestureController" instantiated altera_avalon_pio "pio_0"
Error: Generation stopped, 30 or more modules remaining
Info: GestureController: Done GestureController" with 21 modules, 12 files, 436022 bytes
Error: ip-generate failed with exit code 1: 1 Error, 0 Warnings
Info: Stopping: Create HDL design files for synthesis
