Info: Starting: Create block symbol file (.bsf)
Info: ip-generate --project-directory=C:/Users/grgomez/Desktop/ECE492/Group6_Project/ --output-directory=C:/Users/grgomez/Desktop/ECE492/Group6_Project/niosII_system/ --report-file=bsf:C:/Users/grgomez/Desktop/ECE492/Group6_Project/niosII_system.bsf --system-info=DEVICE_FAMILY="Cyclone IV E" --system-info=DEVICE=EP4CE22F17C6 --system-info=DEVICE_SPEEDGRADE=6 --component-file=C:/Users/grgomez/Desktop/ECE492/Group6_Project/niosII_system.qsys
Progress: Loading Group6_Project/niosII_system.qsys
Progress: Reading input file
Progress: Adding clk_0 [clock_source 12.1]
Progress: Parameterizing module clk_0
Progress: Adding nios2_cpu [altera_nios2_qsys 12.1]
Progress: Parameterizing module nios2_cpu
Progress: Adding jtag_uart [altera_avalon_jtag_uart 12.1]
Progress: Parameterizing module jtag_uart
Progress: Adding sys_clk_timer [altera_avalon_timer 12.1]
Progress: Parameterizing module sys_clk_timer
Progress: Adding sysid [altera_avalon_sysid_qsys 12.1]
Progress: Parameterizing module sysid
Progress: Adding green_leds [altera_avalon_pio 12.1]
Progress: Parameterizing module green_leds
Progress: Adding sdram [altera_avalon_new_sdram_controller 12.1]
Progress: Parameterizing module sdram
Progress: Adding altpll_0 [altpll 12.1]
Progress: Parameterizing module altpll_0
Progress: Building connections
Progress: Parameterizing connections
Progress: Validating
Progress: Done reading input file
Info: niosII_system.sysid: System ID is not assigned automatically. Edit the System ID parameter to provide a unique ID
Info: niosII_system.sysid: Time stamp will be automatically updated when this component is generated.
Warning: niosII_system.altpll_0: altpll_0.areset_conduit must be exported, or connected to a matching conduit.
Warning: niosII_system.altpll_0: altpll_0.c2_conduit must be exported, or connected to a matching conduit.
Warning: niosII_system.altpll_0: altpll_0.locked_conduit must be exported, or connected to a matching conduit.
Warning: niosII_system.altpll_0: altpll_0.phasedone_conduit must be exported, or connected to a matching conduit.
Info: ip-generate succeeded.
Info: Finished: Create block symbol file (.bsf)
Info: 
Info: Starting: Create HDL design files for synthesis
Info: ip-generate --project-directory=C:/Users/grgomez/Desktop/ECE492/Group6_Project/ --output-directory=C:/Users/grgomez/Desktop/ECE492/Group6_Project/niosII_system/synthesis/ --file-set=QUARTUS_SYNTH --report-file=sopcinfo:C:/Users/grgomez/Desktop/ECE492/Group6_Project/niosII_system.sopcinfo --report-file=html:C:/Users/grgomez/Desktop/ECE492/Group6_Project/niosII_system.html --report-file=qip:C:/Users/grgomez/Desktop/ECE492/Group6_Project/niosII_system/synthesis/niosII_system.qip --report-file=cmp:C:/Users/grgomez/Desktop/ECE492/Group6_Project/niosII_system.cmp --system-info=DEVICE_FAMILY="Cyclone IV E" --system-info=DEVICE=EP4CE22F17C6 --system-info=DEVICE_SPEEDGRADE=6 --component-file=C:/Users/grgomez/Desktop/ECE492/Group6_Project/niosII_system.qsys
Progress: Loading Group6_Project/niosII_system.qsys
Progress: Reading input file
Progress: Adding clk_0 [clock_source 12.1]
Progress: Parameterizing module clk_0
Progress: Adding nios2_cpu [altera_nios2_qsys 12.1]
Progress: Parameterizing module nios2_cpu
Progress: Adding jtag_uart [altera_avalon_jtag_uart 12.1]
Progress: Parameterizing module jtag_uart
Progress: Adding sys_clk_timer [altera_avalon_timer 12.1]
Progress: Parameterizing module sys_clk_timer
Progress: Adding sysid [altera_avalon_sysid_qsys 12.1]
Progress: Parameterizing module sysid
Progress: Adding green_leds [altera_avalon_pio 12.1]
Progress: Parameterizing module green_leds
Progress: Adding sdram [altera_avalon_new_sdram_controller 12.1]
Progress: Parameterizing module sdram
Progress: Adding altpll_0 [altpll 12.1]
Progress: Parameterizing module altpll_0
Progress: Building connections
Progress: Parameterizing connections
Progress: Validating
Progress: Done reading input file
Info: niosII_system.sysid: System ID is not assigned automatically. Edit the System ID parameter to provide a unique ID
Info: niosII_system.sysid: Time stamp will be automatically updated when this component is generated.
Warning: niosII_system.altpll_0: altpll_0.areset_conduit must be exported, or connected to a matching conduit.
Warning: niosII_system.altpll_0: altpll_0.c2_conduit must be exported, or connected to a matching conduit.
Warning: niosII_system.altpll_0: altpll_0.locked_conduit must be exported, or connected to a matching conduit.
Warning: niosII_system.altpll_0: altpll_0.phasedone_conduit must be exported, or connected to a matching conduit.
Info: niosII_system: Generating niosII_system "niosII_system" for QUARTUS_SYNTH
Info: pipeline_bridge_swap_transform: After transform: 8 modules, 27 connections
Info: No custom instruction connections, skipping transform 
Info: merlin_translator_transform: After transform: 17 modules, 58 connections
Info: merlin_domain_transform: After transform: 36 modules, 163 connections
Info: merlin_router_transform: After transform: 45 modules, 194 connections
Info: merlin_traffic_limiter_transform: After transform: 47 modules, 204 connections
Info: merlin_burst_transform: After transform: 48 modules, 207 connections
Info: reset_adaptation_transform: After transform: 51 modules, 192 connections
Info: merlin_network_to_switch_transform: After transform: 68 modules, 228 connections
Info: merlin_width_transform: After transform: 70 modules, 234 connections
Info: Inserting clock-crossing logic between cmd_xbar_demux.src5 and cmd_xbar_mux_005.sink0
Info: Inserting clock-crossing logic between cmd_xbar_demux.src6 and cmd_xbar_mux_006.sink0
Info: Inserting clock-crossing logic between cmd_xbar_demux_001.src1 and cmd_xbar_mux_005.sink1
Info: Inserting clock-crossing logic between rsp_xbar_demux_005.src0 and rsp_xbar_mux.sink5
Info: Inserting clock-crossing logic between rsp_xbar_demux_005.src1 and rsp_xbar_mux_001.sink1
Info: Inserting clock-crossing logic between rsp_xbar_demux_006.src0 and rsp_xbar_mux.sink6
Info: com_altera_sopcmodel_transforms_avalon_ClockCrossingTransform: After transform: 76 modules, 264 connections
Info: limiter_update_transform: After transform: 76 modules, 266 connections
Info: merlin_interrupt_mapper_transform: After transform: 77 modules, 269 connections
Info: nios2_cpu: Starting RTL generation for module 'niosII_system_nios2_cpu'
Info: nios2_cpu:   Generation command is [exec C:/altera/12.1sp1/quartus/../ip/altera/nios2_ip/altera_nios2/eperl.exe -I C:/altera/12.1sp1/quartus/common/ip/altera/common/perl/5.8.3 -I C:/altera/12.1sp1/quartus/sopc_builder/bin/europa -I C:/altera/12.1sp1/quartus/sopc_builder/bin/perl_lib -I C:/altera/12.1sp1/quartus/sopc_builder/bin -I C:/altera/12.1sp1/quartus/../ip/altera/nios2_ip/altera_nios2/cpu_lib -I C:/altera/12.1sp1/quartus/../ip/altera/nios2_ip/altera_nios2/nios_lib -I C:/altera/12.1sp1/quartus/../ip/altera/nios2_ip/altera_nios2 -I C:/altera/12.1sp1/quartus/../ip/altera/nios2_ip/altera_nios2 -- C:/altera/12.1sp1/quartus/../ip/altera/nios2_ip/altera_nios2/generate_rtl.epl --name=niosII_system_nios2_cpu --dir=C:/Users/grgomez/AppData/Local/Temp/alt6114_4221843436951112535.dir/0001_nios2_cpu_gen/ --quartus_dir=C:/altera/12.1sp1/quartus --verilog --config=C:/Users/grgomez/AppData/Local/Temp/alt6114_4221843436951112535.dir/0001_nios2_cpu_gen//niosII_system_nios2_cpu_processor_configuration.pl  --do_build_sim=0    --bogus  ]
Info: nios2_cpu: # 2014.02.13 15:53:11 (*) Starting Nios II generation
Info: nios2_cpu: # 2014.02.13 15:53:11 (*)   Checking for plaintext license.
Info: nios2_cpu: # 2014.02.13 15:53:11 (*)   Couldn't query license setup in Quartus directory C:/altera/12.1sp1/quartus
Info: nios2_cpu: # 2014.02.13 15:53:11 (*)   Defaulting to contents of LM_LICENSE_FILE environment variable
Info: nios2_cpu: # 2014.02.13 15:53:11 (*)   Plaintext license not found.
Info: nios2_cpu: # 2014.02.13 15:53:11 (*)   Checking for encrypted license (non-evaluation).
Info: nios2_cpu: # 2014.02.13 15:53:12 (*)   Couldn't query license setup in Quartus directory C:/altera/12.1sp1/quartus
Info: nios2_cpu: # 2014.02.13 15:53:12 (*)   Defaulting to contents of LM_LICENSE_FILE environment variable
Info: nios2_cpu: # 2014.02.13 15:53:12 (*)   Encrypted license found.  SOF will not be time-limited.
Info: nios2_cpu: # 2014.02.13 15:53:12 (*)   Elaborating CPU configuration settings
Info: nios2_cpu: # 2014.02.13 15:53:12 (*)   Creating all objects for CPU
Info: nios2_cpu: # 2014.02.13 15:53:12 (*)     Testbench
Info: nios2_cpu: # 2014.02.13 15:53:12 (*)     Instruction decoding
Info: nios2_cpu: # 2014.02.13 15:53:12 (*)       Instruction fields
Info: nios2_cpu: # 2014.02.13 15:53:12 (*)       Instruction decodes
Info: nios2_cpu: # 2014.02.13 15:53:13 (*)       Signals for RTL simulation waveforms
Info: nios2_cpu: # 2014.02.13 15:53:13 (*)       Instruction controls
Info: nios2_cpu: # 2014.02.13 15:53:13 (*)     Pipeline frontend
Info: nios2_cpu: # 2014.02.13 15:53:13 (*)     Pipeline backend
Info: nios2_cpu: # 2014.02.13 15:53:15 (*)   Generating RTL from CPU objects
Info: nios2_cpu: # 2014.02.13 15:53:18 (*)   Creating encrypted RTL
Info: nios2_cpu: # 2014.02.13 15:53:19 (*) Done Nios II generation
Info: nios2_cpu: Done RTL generation for module 'niosII_system_nios2_cpu'
Info: nios2_cpu: "niosII_system" instantiated altera_nios2_qsys "nios2_cpu"
Info: Starting classic module elaboration.
"c:/altera/12.1sp1/quartus/bin/jre/bin/java.exe" -Xmx512M -classpath "c:/altera/12.1sp1/quartus/sopc_builder/bin/sopc_builder.jar;c:/altera/12.1sp1/quartus/sopc_builder/bin/PinAssigner.jar;c:/altera/12.1sp1/quartus/sopc_builder/bin/sopc_wizard.jar;c:/altera/12.1sp1/quartus/sopc_builder/bin/jptf.jar" sopc_builder.sopc_builder  -d"c:/altera/12.1sp1/quartus/sopc_builder" -notalkback=1 -projectnameyysystem.qpf -projectpathC:/Users/grgomez/AppData/Local/Temp/alt6114_4221843436951112535.dir/0002_sopclgen  --no_splash --refresh C:/Users/grgomez/AppData/Local/Temp/alt6114_4221843436951112535.dir/0002_sopclgen/yysystem.v --quartus_dir="c:/altera/12.1sp1/quartus" --sopc_perl="c:/altera/12.1sp1/quartus/bin/perl" --sopc_lib_path="++c:/altera/12.1sp1/quartus/../ip/altera/sopc_builder_ip+c:/altera/12.1sp1/quartus/../ip/altera/nios2_ip"
Info: Finished elaborating classic module.
Executing: C:/altera/12.1sp1/quartus//sopc_builder/bin/sopc_builder --classic --generate C:/Users/grgomez/AppData/Local/Temp/alt6114_4221843436951112535.dir/0002_sopclgen/yysystem.ptf
Info: Running sopc_builder...
"c:/altera/12.1sp1/quartus/bin/jre/bin/java.exe" -Xmx512M -classpath "c:/altera/12.1sp1/quartus/sopc_builder/bin/sopc_builder.jar;c:/altera/12.1sp1/quartus/sopc_builder/bin/PinAssigner.jar;c:/altera/12.1sp1/quartus/sopc_builder/bin/sopc_wizard.jar;c:/altera/12.1sp1/quartus/sopc_builder/bin/jptf.jar" sopc_builder.sopc_builder  -d"c:/altera/12.1sp1/quartus/sopc_builder" -notalkback=1 -projectnameyysystem.qpf -projectpathC:/Users/grgomez/AppData/Local/Temp/alt6114_4221843436951112535.dir/0002_sopclgen  --generate C:/Users/grgomez/AppData/Local/Temp/alt6114_4221843436951112535.dir/0002_sopclgen/yysystem.v --quartus_dir="c:/altera/12.1sp1/quartus" --sopc_perl="c:/altera/12.1sp1/quartus/bin/perl" --sopc_lib_path="++c:/altera/12.1sp1/quartus/../ip/altera/sopc_builder_ip+c:/altera/12.1sp1/quartus/../ip/altera/nios2_ip"
No .sopc_builder configuration file(!)
.
# 2014.02.13 15:53:24 (*) Success: sopc_builder finished.
Info: jtag_uart: "niosII_system" instantiated altera_avalon_jtag_uart "jtag_uart"
Info: Starting classic module elaboration.
"c:/altera/12.1sp1/quartus/bin/jre/bin/java.exe" -Xmx512M -classpath "c:/altera/12.1sp1/quartus/sopc_builder/bin/sopc_builder.jar;c:/altera/12.1sp1/quartus/sopc_builder/bin/PinAssigner.jar;c:/altera/12.1sp1/quartus/sopc_builder/bin/sopc_wizard.jar;c:/altera/12.1sp1/quartus/sopc_builder/bin/jptf.jar" sopc_builder.sopc_builder  -d"c:/altera/12.1sp1/quartus/sopc_builder" -notalkback=1 -projectnameyysystem.qpf -projectpathC:/Users/grgomez/AppData/Local/Temp/alt6114_4221843436951112535.dir/0003_sopclgen  --no_splash --refresh C:/Users/grgomez/AppData/Local/Temp/alt6114_4221843436951112535.dir/0003_sopclgen/yysystem.v --quartus_dir="c:/altera/12.1sp1/quartus" --sopc_perl="c:/altera/12.1sp1/quartus/bin/perl" --sopc_lib_path="++c:/altera/12.1sp1/quartus/../ip/altera/sopc_builder_ip+c:/altera/12.1sp1/quartus/../ip/altera/nios2_ip"
Info: Finished elaborating classic module.
Executing: C:/altera/12.1sp1/quartus//sopc_builder/bin/sopc_builder --classic --generate C:/Users/grgomez/AppData/Local/Temp/alt6114_4221843436951112535.dir/0003_sopclgen/yysystem.ptf
Info: Running sopc_builder...
"c:/altera/12.1sp1/quartus/bin/jre/bin/java.exe" -Xmx512M -classpath "c:/altera/12.1sp1/quartus/sopc_builder/bin/sopc_builder.jar;c:/altera/12.1sp1/quartus/sopc_builder/bin/PinAssigner.jar;c:/altera/12.1sp1/quartus/sopc_builder/bin/sopc_wizard.jar;c:/altera/12.1sp1/quartus/sopc_builder/bin/jptf.jar" sopc_builder.sopc_builder  -d"c:/altera/12.1sp1/quartus/sopc_builder" -notalkback=1 -projectnameyysystem.qpf -projectpathC:/Users/grgomez/AppData/Local/Temp/alt6114_4221843436951112535.dir/0003_sopclgen  --generate C:/Users/grgomez/AppData/Local/Temp/alt6114_4221843436951112535.dir/0003_sopclgen/yysystem.v --quartus_dir="c:/altera/12.1sp1/quartus" --sopc_perl="c:/altera/12.1sp1/quartus/bin/perl" --sopc_lib_path="++c:/altera/12.1sp1/quartus/../ip/altera/sopc_builder_ip+c:/altera/12.1sp1/quartus/../ip/altera/nios2_ip"
No .sopc_builder configuration file(!)
.
# 2014.02.13 15:53:28 (*) Success: sopc_builder finished.
Info: sys_clk_timer: "niosII_system" instantiated altera_avalon_timer "sys_clk_timer"
Info: sysid: "niosII_system" instantiated altera_avalon_sysid_qsys "sysid"
Info: Starting classic module elaboration.
"c:/altera/12.1sp1/quartus/bin/jre/bin/java.exe" -Xmx512M -classpath "c:/altera/12.1sp1/quartus/sopc_builder/bin/sopc_builder.jar;c:/altera/12.1sp1/quartus/sopc_builder/bin/PinAssigner.jar;c:/altera/12.1sp1/quartus/sopc_builder/bin/sopc_wizard.jar;c:/altera/12.1sp1/quartus/sopc_builder/bin/jptf.jar" sopc_builder.sopc_builder  -d"c:/altera/12.1sp1/quartus/sopc_builder" -notalkback=1 -projectnameyysystem.qpf -projectpathC:/Users/grgomez/AppData/Local/Temp/alt6114_4221843436951112535.dir/0005_sopclgen  --no_splash --refresh C:/Users/grgomez/AppData/Local/Temp/alt6114_4221843436951112535.dir/0005_sopclgen/yysystem.v --quartus_dir="c:/altera/12.1sp1/quartus" --sopc_perl="c:/altera/12.1sp1/quartus/bin/perl" --sopc_lib_path="++c:/altera/12.1sp1/quartus/../ip/altera/sopc_builder_ip+c:/altera/12.1sp1/quartus/../ip/altera/nios2_ip"
Info: Finished elaborating classic module.
Executing: C:/altera/12.1sp1/quartus//sopc_builder/bin/sopc_builder --classic --generate C:/Users/grgomez/AppData/Local/Temp/alt6114_4221843436951112535.dir/0005_sopclgen/yysystem.ptf
Info: Running sopc_builder...
"c:/altera/12.1sp1/quartus/bin/jre/bin/java.exe" -Xmx512M -classpath "c:/altera/12.1sp1/quartus/sopc_builder/bin/sopc_builder.jar;c:/altera/12.1sp1/quartus/sopc_builder/bin/PinAssigner.jar;c:/altera/12.1sp1/quartus/sopc_builder/bin/sopc_wizard.jar;c:/altera/12.1sp1/quartus/sopc_builder/bin/jptf.jar" sopc_builder.sopc_builder  -d"c:/altera/12.1sp1/quartus/sopc_builder" -notalkback=1 -projectnameyysystem.qpf -projectpathC:/Users/grgomez/AppData/Local/Temp/alt6114_4221843436951112535.dir/0005_sopclgen  --generate C:/Users/grgomez/AppData/Local/Temp/alt6114_4221843436951112535.dir/0005_sopclgen/yysystem.v --quartus_dir="c:/altera/12.1sp1/quartus" --sopc_perl="c:/altera/12.1sp1/quartus/bin/perl" --sopc_lib_path="++c:/altera/12.1sp1/quartus/../ip/altera/sopc_builder_ip+c:/altera/12.1sp1/quartus/../ip/altera/nios2_ip"
No .sopc_builder configuration file(!)
.
# 2014.02.13 15:53:32 (*) Success: sopc_builder finished.
Info: green_leds: "niosII_system" instantiated altera_avalon_pio "green_leds"
Info: Starting classic module elaboration.
"c:/altera/12.1sp1/quartus/bin/jre/bin/java.exe" -Xmx512M -classpath "c:/altera/12.1sp1/quartus/sopc_builder/bin/sopc_builder.jar;c:/altera/12.1sp1/quartus/sopc_builder/bin/PinAssigner.jar;c:/altera/12.1sp1/quartus/sopc_builder/bin/sopc_wizard.jar;c:/altera/12.1sp1/quartus/sopc_builder/bin/jptf.jar" sopc_builder.sopc_builder  -d"c:/altera/12.1sp1/quartus/sopc_builder" -notalkback=1 -projectnameyysystem.qpf -projectpathC:/Users/grgomez/AppData/Local/Temp/alt6114_4221843436951112535.dir/0006_sopclgen  --no_splash --refresh C:/Users/grgomez/AppData/Local/Temp/alt6114_4221843436951112535.dir/0006_sopclgen/yysystem.v --quartus_dir="c:/altera/12.1sp1/quartus" --sopc_perl="c:/altera/12.1sp1/quartus/bin/perl" --sopc_lib_path="++c:/altera/12.1sp1/quartus/../ip/altera/sopc_builder_ip+c:/altera/12.1sp1/quartus/../ip/altera/nios2_ip"
Info: Finished elaborating classic module.
Executing: C:/altera/12.1sp1/quartus//sopc_builder/bin/sopc_builder --classic --generate C:/Users/grgomez/AppData/Local/Temp/alt6114_4221843436951112535.dir/0006_sopclgen/yysystem.ptf
Info: Running sopc_builder...
"c:/altera/12.1sp1/quartus/bin/jre/bin/java.exe" -Xmx512M -classpath "c:/altera/12.1sp1/quartus/sopc_builder/bin/sopc_builder.jar;c:/altera/12.1sp1/quartus/sopc_builder/bin/PinAssigner.jar;c:/altera/12.1sp1/quartus/sopc_builder/bin/sopc_wizard.jar;c:/altera/12.1sp1/quartus/sopc_builder/bin/jptf.jar" sopc_builder.sopc_builder  -d"c:/altera/12.1sp1/quartus/sopc_builder" -notalkback=1 -projectnameyysystem.qpf -projectpathC:/Users/grgomez/AppData/Local/Temp/alt6114_4221843436951112535.dir/0006_sopclgen  --generate C:/Users/grgomez/AppData/Local/Temp/alt6114_4221843436951112535.dir/0006_sopclgen/yysystem.v --quartus_dir="c:/altera/12.1sp1/quartus" --sopc_perl="c:/altera/12.1sp1/quartus/bin/perl" --sopc_lib_path="++c:/altera/12.1sp1/quartus/../ip/altera/sopc_builder_ip+c:/altera/12.1sp1/quartus/../ip/altera/nios2_ip"
No .sopc_builder configuration file(!)
.
.
# 2014.02.13 15:53:36 (*) Running Test Generator Program for niosII_system_sdram
# 2014.02.13 15:53:37 (*) Success: sopc_builder finished.
Info: sdram: "niosII_system" instantiated altera_avalon_new_sdram_controller "sdram"
Info: altpll_0: "niosII_system" instantiated altpll "altpll_0"
Info: nios2_cpu_data_master_translator: "niosII_system" instantiated altera_merlin_master_translator "nios2_cpu_data_master_translator"
Info: nios2_cpu_jtag_debug_module_translator: "niosII_system" instantiated altera_merlin_slave_translator "nios2_cpu_jtag_debug_module_translator"
Info: nios2_cpu_data_master_translator_avalon_universal_master_0_agent: "niosII_system" instantiated altera_merlin_master_agent "nios2_cpu_data_master_translator_avalon_universal_master_0_agent"
Info: nios2_cpu_jtag_debug_module_translator_avalon_universal_slave_0_agent: "niosII_system" instantiated altera_merlin_slave_agent "nios2_cpu_jtag_debug_module_translator_avalon_universal_slave_0_agent"
Info: nios2_cpu_jtag_debug_module_translator_avalon_universal_slave_0_agent_rsp_fifo: "niosII_system" instantiated altera_avalon_sc_fifo "nios2_cpu_jtag_debug_module_translator_avalon_universal_slave_0_agent_rsp_fifo"
Info: addr_router: "niosII_system" instantiated altera_merlin_router "addr_router"
Info: addr_router_001: "niosII_system" instantiated altera_merlin_router "addr_router_001"
Info: id_router: "niosII_system" instantiated altera_merlin_router "id_router"
Info: id_router_001: "niosII_system" instantiated altera_merlin_router "id_router_001"
Info: id_router_005: "niosII_system" instantiated altera_merlin_router "id_router_005"
Info: limiter: "niosII_system" instantiated altera_merlin_traffic_limiter "limiter"
Info: burst_adapter: "niosII_system" instantiated altera_merlin_burst_adapter "burst_adapter"
Info: rst_controller: "niosII_system" instantiated altera_reset_controller "rst_controller"
Info: cmd_xbar_demux: "niosII_system" instantiated altera_merlin_demultiplexer "cmd_xbar_demux"
Info: cmd_xbar_demux_001: "niosII_system" instantiated altera_merlin_demultiplexer "cmd_xbar_demux_001"
Info: cmd_xbar_mux: "niosII_system" instantiated altera_merlin_multiplexer "cmd_xbar_mux"
Info: rsp_xbar_demux: "niosII_system" instantiated altera_merlin_demultiplexer "rsp_xbar_demux"
Info: rsp_xbar_demux_001: "niosII_system" instantiated altera_merlin_demultiplexer "rsp_xbar_demux_001"
Info: rsp_xbar_mux: "niosII_system" instantiated altera_merlin_multiplexer "rsp_xbar_mux"
Info: Reusing file C:/Users/grgomez/Desktop/ECE492/Group6_Project/niosII_system/synthesis/submodules/altera_merlin_arbitrator.sv
Info: rsp_xbar_mux_001: "niosII_system" instantiated altera_merlin_multiplexer "rsp_xbar_mux_001"
Info: Reusing file C:/Users/grgomez/Desktop/ECE492/Group6_Project/niosII_system/synthesis/submodules/altera_merlin_arbitrator.sv
Info: width_adapter: "niosII_system" instantiated altera_merlin_width_adapter "width_adapter"
Info: Reusing file C:/Users/grgomez/Desktop/ECE492/Group6_Project/niosII_system/synthesis/submodules/altera_merlin_burst_uncompressor.sv
Info: Reusing file C:/Users/grgomez/Desktop/ECE492/Group6_Project/niosII_system/synthesis/submodules/altera_merlin_address_alignment.sv
Info: crosser: "niosII_system" instantiated altera_avalon_st_handshake_clock_crosser "crosser"
Info: Reusing file C:/Users/grgomez/Desktop/ECE492/Group6_Project/niosII_system/synthesis/submodules/altera_avalon_st_pipeline_base.v
Info: irq_mapper: "niosII_system" instantiated altera_irq_mapper "irq_mapper"
Info: niosII_system: Done niosII_system" with 31 modules, 120 files, 2197899 bytes
Info: ip-generate succeeded.
Info: Finished: Create HDL design files for synthesis
